[2025-04-25 16:02:59] ERROR: ❌ Unable to connect to the database: The server does not support SSL connections
[2025-04-25 16:06:42] INFO: ✅ Database connected successfully
[2025-04-25 16:06:42] INFO: ✅ Server running on port undefined
[2025-04-25 16:08:47] INFO: ✅ Database connected successfully
[2025-04-25 16:08:47] INFO: ✅ Server running on port undefined
[2025-04-25 16:10:03] INFO: ✅ Database connected successfully
[2025-04-25 16:10:03] INFO: ✅ Server running on port undefined
[2025-04-25 16:10:40] INFO: ✅ Database connected successfully
[2025-04-25 16:10:40] INFO: ✅ Server running on port undefined
[2025-04-25 16:10:47] INFO: ✅ Database connected successfully
[2025-04-25 16:10:47] INFO: ✅ Server running on port undefined
[2025-04-25 16:11:12] INFO: ✅ Database connected successfully
[2025-04-25 16:11:16] INFO: ✅ Database connected successfully
[2025-04-25 16:11:16] INFO: ✅ Server running on port undefined
[2025-04-25 16:11:44] INFO: ✅ Database connected successfully
[2025-04-25 16:11:44] INFO: ✅ Server running on port 3001
[2025-04-25 16:11:50] INFO: [Request] POST /api/v1/auth/login 500 - 10ms
[2025-04-25 16:12:16] INFO: ✅ Database connected successfully
[2025-04-25 16:12:16] INFO: ✅ Server running on port 3001
[2025-04-25 16:12:27] INFO: [Request] POST /api/v1/auth/login 500 - 58ms
[2025-04-25 16:13:35] INFO: ✅ Database connected successfully
[2025-04-25 16:13:35] INFO: ✅ Server running on port 3001
[2025-04-25 16:13:39] INFO: ✅ Database connected successfully
[2025-04-25 16:13:39] INFO: ✅ Server running on port 3001
[2025-04-25 16:15:21] INFO: ✅ Database connected successfully
[2025-04-25 16:15:21] INFO: ✅ Server running on port 3001
[2025-04-25 16:15:31] INFO: ✅ Database connected successfully
[2025-04-25 16:15:31] INFO: ✅ Server running on port 3001
[2025-04-25 16:15:55] INFO: ✅ Database connected successfully
[2025-04-25 16:15:55] INFO: ✅ Server running on port 3001
[2025-04-25 16:16:30] INFO: ✅ Database connected successfully
[2025-04-25 16:16:30] INFO: ✅ Server running on port 3001
[2025-04-25 16:16:34] INFO: ✅ Database connected successfully
[2025-04-25 16:16:34] INFO: ✅ Server running on port 3001
[2025-04-25 16:17:01] INFO: ✅ Database connected successfully
[2025-04-25 16:17:01] INFO: ✅ Server running on port 3001
[2025-04-25 16:17:28] INFO: [Request] POST /api/v1/auth/login 500 - 281ms
[2025-04-25 16:18:11] INFO: ✅ Database connected successfully
[2025-04-25 16:18:11] INFO: ✅ Server running on port 3001
[2025-04-25 16:18:19] INFO: ✅ Database connected successfully
[2025-04-25 16:18:21] INFO: ✅ Database connected successfully
[2025-04-25 16:18:21] INFO: ✅ Server running on port 3001
[2025-04-25 16:19:21] INFO: ✅ Database connected successfully
[2025-04-25 16:19:21] INFO: ✅ Server running on port 3001
[2025-04-25 16:19:34] INFO: ✅ Database connected successfully
[2025-04-25 16:19:34] INFO: ✅ Server running on port 3001
[2025-04-25 16:19:37] INFO: ✅ Database connected successfully
[2025-04-25 16:19:37] INFO: ✅ Server running on port 3001
[2025-04-25 16:19:40] INFO: ✅ Database connected successfully
[2025-04-25 16:19:40] INFO: ✅ Server running on port 3001
[2025-04-25 16:20:22] INFO: ✅ Database connected successfully
[2025-04-25 16:20:22] INFO: ✅ Server running on port 3001
[2025-04-25 16:20:37] INFO: ✅ Database connected successfully
[2025-04-25 16:20:37] INFO: ✅ Server running on port 3001
[2025-04-25 16:20:40] INFO: ✅ Database connected successfully
[2025-04-25 16:20:40] INFO: ✅ Server running on port 3001
[2025-04-25 16:21:26] INFO: ✅ Database connected successfully
[2025-04-25 16:21:26] INFO: ✅ Server running on port 3001
[2025-04-25 16:21:33] INFO: ✅ Database connected successfully
[2025-04-25 16:21:33] INFO: ✅ Server running on port 3001
[2025-04-25 16:21:49] INFO: ✅ Database connected successfully
[2025-04-25 16:21:49] INFO: ✅ Server running on port 3001
[2025-04-25 16:21:53] INFO: ✅ Database connected successfully
[2025-04-25 16:21:53] INFO: ✅ Server running on port 3001
[2025-04-25 16:22:44] INFO: ✅ Database connected successfully
[2025-04-25 16:22:44] INFO: ✅ Server running on port 3001
[2025-04-25 16:22:53] INFO: [Request] POST /api/v1/auth/login 500 - 53ms
[2025-04-25 16:24:53] INFO: ✅ Database connected successfully
[2025-04-25 16:24:53] INFO: ✅ Server running on port 3001
[2025-04-25 16:24:59] INFO: [Request] POST /api/v1/auth/login 500 - 34ms
[2025-04-25 16:27:12] INFO: ✅ Database connected successfully
[2025-04-25 16:27:12] INFO: ✅ Server running on port 3001
[2025-04-25 16:27:29] INFO: ✅ Database connected successfully
[2025-04-25 16:27:29] INFO: ✅ Server running on port 3001
[2025-04-25 16:27:36] INFO: ✅ Database connected successfully
[2025-04-25 16:27:36] INFO: ✅ Server running on port 3001
[2025-04-25 16:27:43] INFO: ✅ Database connected successfully
[2025-04-25 16:27:43] INFO: ✅ Server running on port 3001
[2025-04-25 16:28:47] INFO: ✅ Database connected successfully
[2025-04-25 16:28:47] INFO: ✅ Server running on port 3001
[2025-04-25 16:28:57] INFO: [Request] POST /api/v1/auth/login 500 - 41ms
[2025-04-25 16:29:22] INFO: ✅ Database connected successfully
[2025-04-25 16:29:23] INFO: ✅ Server running on port 3001
[2025-04-25 16:29:27] INFO: [Request] POST /api/v1/auth/login 500 - 48ms
[2025-04-25 16:30:03] INFO: ✅ Database connected successfully
[2025-04-25 16:30:03] INFO: ✅ Server running on port 3001
[2025-04-25 16:30:08] INFO: [Request] POST /api/v1/auth/login 500 - 234ms
[2025-04-25 16:31:35] INFO: ✅ Database connected successfully
[2025-04-25 16:31:35] INFO: ✅ Server running on port 3001
[2025-04-25 16:31:36] INFO: ✅ Database connected successfully
[2025-04-25 16:31:36] INFO: ✅ Server running on port 3001
[2025-04-25 16:31:41] INFO: [Request] POST /api/v1/auth/login 500 - 42ms
[2025-04-25 16:32:02] INFO: ✅ Database connected successfully
[2025-04-25 16:32:02] INFO: ✅ Server running on port 3001
[2025-04-25 16:32:05] INFO: [Request] POST /api/v1/auth/login 500 - 46ms
[2025-04-25 16:33:01] INFO: ✅ Database connected successfully
[2025-04-25 16:33:01] INFO: ✅ Server running on port 3001
[2025-04-25 16:33:08] INFO: [Request] POST /api/v1/auth/login 500 - 41ms
[2025-04-25 16:36:22] INFO: ✅ Database connected successfully
[2025-04-25 16:36:22] INFO: ✅ Server running on port 3001
[2025-04-25 16:36:26] INFO: [Request] POST /api/v1/auth/login 500 - 147ms
[2025-04-25 16:37:05] INFO: ✅ Database connected successfully
[2025-04-25 16:37:05] INFO: ✅ Server running on port 3001
[2025-04-25 16:37:07] INFO: [Request] POST /api/v1/auth/login 500 - 48ms
[2025-04-25 16:37:17] INFO: ✅ Database connected successfully
[2025-04-25 16:37:17] INFO: ✅ Server running on port 3001
[2025-04-25 16:37:33] INFO: ✅ Database connected successfully
[2025-04-25 16:37:33] INFO: ✅ Server running on port 3001
[2025-04-25 16:37:36] INFO: [Request] POST /api/v1/auth/login 500 - 36ms
[2025-04-25 16:41:24] INFO: ✅ Database connected successfully
[2025-04-25 16:41:25] INFO: ✅ Server running on port 3001
[2025-04-25 16:41:29] INFO: ✅ Database connected successfully
[2025-04-25 16:41:29] INFO: ✅ Server running on port 3001
[2025-04-25 16:41:32] INFO: [Request] POST /api/v1/auth/login 500 - 44ms
[2025-04-25 16:41:42] INFO: ✅ Database connected successfully
[2025-04-25 16:41:43] INFO: ✅ Server running on port 3001
[2025-04-25 16:41:48] INFO: [Request] POST /api/v1/auth/login 500 - 39ms
[2025-04-25 16:42:35] INFO: ✅ Database connected successfully
[2025-04-25 16:42:35] INFO: ✅ Server running on port 3001
[2025-04-25 16:43:00] INFO: ✅ Database connected successfully
[2025-04-25 16:43:00] INFO: ✅ Server running on port 3001
[2025-04-25 16:43:02] INFO: ✅ Database connected successfully
[2025-04-25 16:43:02] INFO: ✅ Server running on port 3001
[2025-04-25 16:43:16] INFO: ✅ Database connected successfully
[2025-04-25 16:43:16] INFO: ✅ Server running on port 3001
[2025-04-25 16:43:34] INFO: ✅ Database connected successfully
[2025-04-25 16:43:34] INFO: ✅ Server running on port 3001
[2025-04-25 16:44:12] INFO: [Request] POST /api/v1/auth/login 500 - 278ms
[2025-04-25 16:44:21] INFO: ✅ Database connected successfully
[2025-04-25 16:44:21] INFO: ✅ Server running on port 3001
[2025-04-25 16:44:35] INFO: [Request] POST /api/v1/auth/login 500 - 231ms
[2025-04-25 16:46:07] INFO: ✅ Database connected successfully
[2025-04-25 16:46:07] INFO: ✅ Server running on port 3001
[2025-04-25 16:46:18] INFO: [Request] POST /api/v1/auth/login 400 - 64ms
[2025-04-25 16:47:47] INFO: [Request] POST /api/v1/auth/login 400 - 268ms
[2025-04-25 16:48:53] INFO: ✅ Database connected successfully
[2025-04-25 16:48:53] INFO: ✅ Server running on port 3001
[2025-04-25 16:49:07] INFO: ✅ Database connected successfully
[2025-04-25 16:49:07] INFO: ✅ Server running on port 3001
[2025-04-25 16:49:52] INFO: ✅ Database connected successfully
[2025-04-25 16:49:53] INFO: ✅ Server running on port 3001
[2025-04-25 16:49:55] INFO: ✅ Database connected successfully
[2025-04-25 16:49:55] INFO: ✅ Server running on port 3001
[2025-04-25 16:49:58] INFO: ✅ Database connected successfully
[2025-04-25 16:49:58] INFO: ✅ Server running on port 3001
[2025-04-25 16:50:00] INFO: ✅ Database connected successfully
[2025-04-25 16:50:01] INFO: ✅ Server running on port 3001
[2025-04-25 16:50:02] INFO: ✅ Database connected successfully
[2025-04-25 16:50:04] INFO: ✅ Database connected successfully
[2025-04-25 16:50:04] INFO: ✅ Server running on port 3001
[2025-04-25 16:50:07] INFO: ✅ Database connected successfully
[2025-04-25 16:50:07] INFO: ✅ Server running on port 3001
[2025-04-25 16:50:41] INFO: [Request] POST /api/v1/auth/register 500 - 31ms
[2025-04-25 16:51:27] INFO: ✅ Database connected successfully
[2025-04-25 16:51:27] INFO: ✅ Server running on port 3001
[2025-04-25 16:52:13] INFO: [Request] POST /api/v1/auth/register 500 - 65ms
[2025-04-25 16:52:23] INFO: ✅ Database connected successfully
[2025-04-25 16:52:23] INFO: ✅ Server running on port 3001
[2025-04-25 16:52:26] INFO: [Request] POST /api/v1/auth/register 500 - 19ms
[2025-04-25 16:52:55] INFO: ✅ Database connected successfully
[2025-04-25 16:52:55] INFO: ✅ Server running on port 3001
[2025-04-25 16:53:06] INFO: ✅ Database connected successfully
[2025-04-25 16:53:06] INFO: ✅ Server running on port 3001
[2025-04-25 16:53:43] INFO: ✅ Database connected successfully
[2025-04-25 16:53:43] INFO: ✅ Server running on port 3001
[2025-04-25 16:54:22] INFO: ✅ Database connected successfully
[2025-04-25 16:54:23] INFO: ✅ Server running on port 3001
[2025-04-25 16:54:34] INFO: ✅ Database connected successfully
[2025-04-25 16:54:34] INFO: ✅ Server running on port 3001
[2025-04-25 16:54:48] INFO: ✅ Database connected successfully
[2025-04-25 16:54:48] INFO: ✅ Server running on port 3001
[2025-04-25 16:55:02] INFO: ✅ Database connected successfully
[2025-04-25 16:55:02] INFO: ✅ Server running on port 3001
[2025-04-25 16:55:12] INFO: [Request] POST /api/v1/auth/register 500 - 18ms
[2025-04-25 16:55:56] INFO: ✅ Database connected successfully
[2025-04-25 16:55:56] INFO: ✅ Server running on port 3001
[2025-04-25 16:56:00] INFO: ✅ Database connected successfully
[2025-04-25 16:56:00] INFO: ✅ Server running on port 3001
[2025-04-25 16:56:12] INFO: ✅ Database connected successfully
[2025-04-25 16:56:12] INFO: ✅ Server running on port 3001
[2025-04-25 16:56:34] INFO: [Request] POST /api/v1/auth/register 500 - 37ms
[2025-04-25 16:56:48] INFO: ✅ Database connected successfully
[2025-04-25 16:56:48] INFO: ✅ Server running on port 3001
[2025-04-25 16:57:10] INFO: ✅ Database connected successfully
[2025-04-25 16:57:10] INFO: ✅ Server running on port 3001
[2025-04-25 16:57:14] INFO: [Request] POST /api/v1/auth/register 500 - 29ms
[2025-04-25 16:57:31] INFO: ✅ Database connected successfully
[2025-04-25 16:57:31] INFO: ✅ Server running on port 3001
[2025-04-25 16:57:34] INFO: [Request] POST /api/v1/auth/register 500 - 18ms
[2025-04-25 16:58:39] INFO: [Request] POST /api/v1/auth/register 500 - 3ms
[2025-04-25 17:00:43] INFO: ✅ Database connected successfully
[2025-04-25 17:00:43] INFO: ✅ Server running on port 3001
[2025-04-25 17:00:47] INFO: ✅ Database connected successfully
[2025-04-25 17:00:47] INFO: ✅ Server running on port 3001
[2025-04-25 17:00:51] INFO: [Request] POST /api/v1/auth/register 500 - 41ms
[2025-04-25 17:01:14] INFO: [Request] POST /api/v1/auth/register 500 - 5ms
[2025-04-25 17:01:39] INFO: [Request] POST /api/v1/auth/register 500 - 10ms
[2025-04-25 17:53:29] INFO: [Request] POST /api/v1/auth/register 500 - 2ms
[2025-04-25 17:54:12] INFO: ✅ Database connected successfully
[2025-04-25 17:54:12] INFO: ✅ Server running on port 3001
[2025-04-28 11:18:52] INFO: ✅ Database connected successfully
[2025-04-28 11:18:52] INFO: ✅ Server running on port 3001
[2025-04-28 11:29:33] INFO: [Request] POST /api/v1/auth/register 500 - 59ms
[2025-04-28 11:32:53] INFO: [Request] POST /api/v1/auth/register 500 - 9ms
[2025-04-28 11:34:06] INFO: [Request] POST /api/v1/auth/register 500 - 9ms
[2025-04-28 11:35:05] INFO: [Request] POST /api/v1/auth/register 500 - 18ms
[2025-04-28 11:35:49] INFO: ✅ Database connected successfully
[2025-04-28 11:35:49] INFO: ✅ Server running on port 3001
[2025-04-28 11:36:09] INFO: [Request] POST /api/v1/auth/register 500 - 25ms
[2025-04-28 11:36:57] INFO: ✅ Database connected successfully
[2025-04-28 11:36:57] INFO: ✅ Server running on port 3001
[2025-04-28 11:36:59] INFO: [Request] POST /api/v1/auth/register 500 - 47ms
[2025-04-28 11:37:24] INFO: ✅ Database connected successfully
[2025-04-28 11:37:25] INFO: ✅ Server running on port 3001
[2025-04-28 11:38:02] INFO: ✅ Database connected successfully
[2025-04-28 11:38:02] INFO: ✅ Server running on port 3001
[2025-04-28 11:38:05] INFO: [Request] POST /api/v1/auth/register 500 - 28ms
[2025-04-28 11:38:36] INFO: ✅ Database connected successfully
[2025-04-28 11:38:36] INFO: ✅ Server running on port 3001
[2025-04-28 11:38:38] INFO: ✅ Database connected successfully
[2025-04-28 11:38:38] INFO: ✅ Server running on port 3001
[2025-04-28 11:38:48] INFO: ✅ Database connected successfully
[2025-04-28 11:38:48] INFO: ✅ Server running on port 3001
[2025-04-28 11:39:03] INFO: ✅ Database connected successfully
[2025-04-28 11:39:03] INFO: ✅ Server running on port 3001
[2025-04-28 11:39:06] INFO: ✅ Database connected successfully
[2025-04-28 11:39:06] INFO: ✅ Server running on port 3001
[2025-04-28 11:39:08] INFO: ✅ Database connected successfully
[2025-04-28 11:39:08] INFO: ✅ Server running on port 3001
[2025-04-28 11:39:14] INFO: [Request] POST /api/v1/auth/register 500 - 19ms
[2025-04-28 11:39:27] INFO: ✅ Database connected successfully
[2025-04-28 11:39:27] INFO: ✅ Server running on port 3001
[2025-04-28 11:39:41] INFO: [Request] POST /api/v1/auth/register 500 - 30ms
[2025-04-28 11:43:26] INFO: ✅ Database connected successfully
[2025-04-28 11:43:26] INFO: ✅ Server running on port 3001
[2025-04-28 11:43:49] INFO: ✅ Database connected successfully
[2025-04-28 11:43:49] INFO: ✅ Server running on port 3001
[2025-04-28 11:44:00] INFO: ✅ Database connected successfully
[2025-04-28 11:44:00] INFO: ✅ Server running on port 3001
[2025-04-28 11:44:08] INFO: [Request] POST /api/v1/auth/register 500 - 22ms
[2025-04-28 11:45:04] INFO: ✅ Database connected successfully
[2025-04-28 11:45:04] INFO: ✅ Server running on port 3001
[2025-04-28 11:45:08] INFO: ✅ Database connected successfully
[2025-04-28 11:45:08] INFO: ✅ Server running on port 3001
[2025-04-28 11:45:11] INFO: ✅ Database connected successfully
[2025-04-28 11:45:12] INFO: ✅ Server running on port 3001
[2025-04-28 11:45:16] INFO: [Request] POST /api/v1/auth/register 500 - 37ms
[2025-04-28 11:46:59] INFO: [Request] POST /api/v1/auth/register 500 - 14ms
[2025-04-28 11:47:21] INFO: ✅ Database connected successfully
[2025-04-28 11:47:21] INFO: ✅ Server running on port 3001
[2025-04-28 11:48:22] INFO: ✅ Database connected successfully
[2025-04-28 11:48:22] INFO: ✅ Server running on port 3001
[2025-04-28 11:48:25] INFO: [Request] POST /api/v1/auth/register 500 - 46ms
[2025-04-28 11:59:01] INFO: ✅ Database connected successfully
[2025-04-28 11:59:01] INFO: ✅ Server running on port 3001
[2025-04-28 11:59:09] INFO: [Request] POST /api/v1/auth/register 500 - 32ms
[2025-04-28 12:10:24] INFO: ✅ Database connected successfully
[2025-04-28 12:10:24] INFO: ✅ Server running on port 3001
[2025-04-28 12:10:28] INFO: [Request] POST /api/v1/auth/register 500 - 27ms
[2025-04-28 12:10:36] INFO: [Request] POST /api/v1/auth/register 500 - 10ms
[2025-04-28 12:21:50] INFO: ✅ Database connected successfully
[2025-04-28 12:21:50] INFO: ✅ Server running on port 3001
[2025-04-28 12:22:18] INFO: [Request] POST /api/v1/auth/register 500 - 66ms
[2025-04-28 12:25:05] INFO: ✅ Database connected successfully
[2025-04-28 12:25:05] INFO: ✅ Server running on port 3001
[2025-04-28 12:26:05] INFO: [Request] POST /api/v1/auth/register 500 - 22ms
[2025-04-28 12:26:32] INFO: ✅ Database connected successfully
[2025-04-28 12:26:32] INFO: ✅ Server running on port 3001
[2025-04-28 12:26:35] INFO: [Request] POST /api/v1/auth/register 500 - 51ms
[2025-04-28 12:27:00] INFO: ✅ Database connected successfully
[2025-04-28 12:27:00] INFO: ✅ Server running on port 3001
[2025-04-28 12:27:09] INFO: [Request] POST /api/v1/auth/register 500 - 27ms
[2025-04-28 12:27:59] INFO: ✅ Database connected successfully
[2025-04-28 12:27:59] INFO: ✅ Server running on port 3001
[2025-04-28 12:28:01] INFO: [Request] POST /api/v1/auth/register 500 - 68ms
[2025-04-28 12:28:36] INFO: ✅ Database connected successfully
[2025-04-28 12:28:36] INFO: ✅ Server running on port 3001
[2025-04-28 12:28:40] INFO: ✅ Database connected successfully
[2025-04-28 12:28:40] INFO: ✅ Server running on port 3001
[2025-04-28 12:28:48] INFO: ✅ Database connected successfully
[2025-04-28 12:28:48] INFO: ✅ Server running on port 3001
[2025-04-28 12:28:52] INFO: ✅ Database connected successfully
[2025-04-28 12:28:52] INFO: ✅ Server running on port 3001
[2025-04-28 12:29:27] INFO: ✅ Database connected successfully
[2025-04-28 12:29:27] INFO: ✅ Server running on port 3001
[2025-04-28 12:32:49] INFO: ✅ Database connected successfully
[2025-04-28 12:32:49] INFO: ✅ Server running on port 3001
[2025-04-28 12:33:40] INFO: [Request] POST /api/v1/auth/register 500 - 235ms
[2025-04-28 12:35:06] INFO: ✅ Database connected successfully
[2025-04-28 12:35:06] INFO: ✅ Server running on port 3001
[2025-04-28 12:35:29] INFO: ✅ Database connected successfully
[2025-04-28 12:35:29] INFO: ✅ Server running on port 3001
[2025-04-28 12:35:38] INFO: ✅ Database connected successfully
[2025-04-28 12:35:38] INFO: ✅ Server running on port 3001
[2025-04-28 12:35:41] INFO: [Request] POST /api/v1/auth/register 500 - 40ms
[2025-04-28 12:36:14] INFO: ✅ Database connected successfully
[2025-04-28 12:36:14] INFO: ✅ Server running on port 3001
[2025-04-28 12:37:20] INFO: ✅ Database connected successfully
[2025-04-28 12:37:20] INFO: ✅ Server running on port 3001
[2025-04-28 12:37:36] INFO: [Request] POST /api/v1/auth/register 500 - 400ms
[2025-04-28 12:41:14] INFO: [Request] POST /api/v1/auth/register 400 - 414ms
[2025-04-28 12:41:33] INFO: [Request] POST /api/v1/auth/register 500 - 361ms
[2025-04-28 12:43:07] INFO: ✅ Database connected successfully
[2025-04-28 12:43:07] INFO: ✅ Server running on port 3001
[2025-04-28 12:43:12] INFO: ✅ Database connected successfully
[2025-04-28 12:43:12] INFO: ✅ Server running on port 3001
[2025-04-28 12:43:15] INFO: ✅ Database connected successfully
[2025-04-28 12:43:15] INFO: ✅ Server running on port 3001
[2025-04-28 12:43:50] INFO: [Request] POST /api/v1/auth/register 500 - 636ms
[2025-04-28 12:44:28] INFO: ✅ Database connected successfully
[2025-04-28 12:44:28] INFO: ✅ Server running on port 3001
[2025-04-28 12:44:31] INFO: [Request] POST /api/v1/auth/register 400 - 40ms
[2025-04-28 12:45:24] INFO: [Request] POST /api/v1/auth/register 500 - 492ms
[2025-04-28 12:48:14] INFO: ✅ Database connected successfully
[2025-04-28 12:48:14] INFO: ✅ Server running on port 3001
[2025-04-28 12:48:22] INFO: ✅ Database connected successfully
[2025-04-28 12:48:22] INFO: ✅ Server running on port 3001
[2025-04-28 12:48:30] INFO: [Request] POST /api/v1/auth/register 500 - 205ms
[2025-04-28 12:49:09] INFO: ✅ Database connected successfully
[2025-04-28 12:49:09] INFO: ✅ Server running on port 3001
[2025-04-28 12:49:17] INFO: [Request] POST /api/v1/auth/register 500 - 194ms
[2025-04-28 12:50:01] INFO: ✅ Database connected successfully
[2025-04-28 12:50:01] INFO: ✅ Server running on port 3001
[2025-04-28 12:50:05] INFO: ✅ Database connected successfully
[2025-04-28 12:50:07] INFO: ✅ Database connected successfully
[2025-04-28 12:50:07] INFO: ✅ Server running on port 3001
[2025-04-28 12:50:16] INFO: [Request] POST /api/v1/auth/register 500 - 247ms
[2025-04-28 12:52:08] INFO: ✅ Database connected successfully
[2025-04-28 12:52:08] INFO: ✅ Server running on port 3001
[2025-04-28 12:52:31] INFO: ✅ Database connected successfully
[2025-04-28 12:52:31] INFO: ✅ Server running on port 3001
[2025-04-28 12:52:32] INFO: ✅ Database connected successfully
[2025-04-28 12:52:32] INFO: ✅ Server running on port 3001
[2025-04-28 12:52:47] INFO: [Request] POST /api/v1/auth/register 400 - 266ms
[2025-04-28 12:52:56] INFO: [Request] POST /api/v1/auth/register 500 - 222ms
[2025-04-28 12:53:34] INFO: ✅ Database connected successfully
[2025-04-28 12:53:34] INFO: ✅ Server running on port 3001
[2025-04-28 12:53:42] INFO: [Request] POST /api/v1/auth/register 500 - 192ms
[2025-04-28 12:55:54] INFO: ✅ Database connected successfully
[2025-04-28 12:55:54] INFO: ✅ Server running on port 3001
[2025-04-28 12:56:08] INFO: ✅ Database connected successfully
[2025-04-28 12:56:08] INFO: ✅ Server running on port 3001
[2025-04-28 12:56:24] INFO: [Request] POST /api/v1/auth/register 500 - 428ms
[2025-04-28 12:59:23] INFO: ✅ Database connected successfully
[2025-04-28 12:59:23] INFO: ✅ Server running on port 3001
[2025-04-28 12:59:39] INFO: ✅ Database connected successfully
[2025-04-28 12:59:39] INFO: ✅ Server running on port 3001
[2025-04-28 12:59:55] INFO: ✅ Database connected successfully
[2025-04-28 12:59:55] INFO: ✅ Server running on port 3001
[2025-04-28 13:01:13] INFO: ✅ Database connected successfully
[2025-04-28 13:01:13] INFO: ✅ Server running on port 3001
[2025-04-28 13:01:24] INFO: ✅ Database connected successfully
[2025-04-28 13:01:24] INFO: ✅ Server running on port 3001
[2025-04-28 13:01:39] INFO: ✅ Database connected successfully
[2025-04-28 13:01:39] INFO: ✅ Server running on port 3001
[2025-04-28 13:01:58] INFO: ✅ Database connected successfully
[2025-04-28 13:01:58] INFO: ✅ Server running on port 3001
[2025-04-28 13:02:08] INFO: ✅ Database connected successfully
[2025-04-28 13:02:08] INFO: ✅ Server running on port 3001
[2025-04-28 13:02:50] INFO: ✅ Database connected successfully
[2025-04-28 13:02:50] INFO: ✅ Server running on port 3001
[2025-04-28 13:02:54] INFO: ✅ Database connected successfully
[2025-04-28 13:02:54] INFO: ✅ Server running on port 3001
[2025-04-28 13:03:47] INFO: ✅ Database connected successfully
[2025-04-28 13:03:47] INFO: ✅ Server running on port 3001
[2025-04-28 13:03:50] INFO: ✅ Database connected successfully
[2025-04-28 13:03:50] INFO: ✅ Server running on port 3001
[2025-04-28 13:03:56] INFO: ✅ Database connected successfully
[2025-04-28 13:03:56] INFO: ✅ Server running on port 3001
[2025-04-28 13:06:14] INFO: ✅ Database connected successfully
[2025-04-28 13:06:14] INFO: ✅ Server running on port 3001
[2025-04-28 13:06:43] INFO: ✅ Database connected successfully
[2025-04-28 13:06:43] INFO: ✅ Server running on port 3001
[2025-04-28 13:07:02] INFO: [Request] POST /api/v1/auth/register 500 - 706ms
[2025-04-28 13:26:31] INFO: ✅ Database connected successfully
[2025-04-28 13:26:31] INFO: ✅ Server running on port 3001
[2025-04-28 13:26:34] INFO: ✅ Database connected successfully
[2025-04-28 13:26:34] INFO: ✅ Server running on port 3001
[2025-04-28 13:26:42] INFO: ✅ Database connected successfully
[2025-04-28 13:26:42] INFO: ✅ Server running on port 3001
[2025-04-28 13:26:53] INFO: [Request] POST /api/v1/auth/register 500 - 2623ms
[2025-04-28 13:27:44] INFO: ✅ Database connected successfully
[2025-04-28 13:27:44] INFO: ✅ Server running on port 3001
[2025-04-28 13:34:23] INFO: ✅ Database connected successfully
[2025-04-28 13:34:23] INFO: ✅ Server running on port 3001
[2025-04-28 13:34:33] INFO: ✅ Database connected successfully
[2025-04-28 13:34:33] INFO: ✅ Server running on port 3001
[2025-04-28 13:34:37] INFO: ✅ Database connected successfully
[2025-04-28 13:34:37] INFO: ✅ Server running on port 3001
[2025-04-28 13:34:41] INFO: ✅ Database connected successfully
[2025-04-28 13:34:41] INFO: ✅ Server running on port 3001
[2025-04-28 13:34:48] INFO: [Request] POST /api/v1/auth/register 500 - 855ms
[2025-04-28 13:37:13] INFO: ✅ Database connected successfully
[2025-04-28 13:37:13] INFO: ✅ Server running on port 3001
[2025-04-28 13:37:43] INFO: [Request] POST /api/v1/auth/register 400 - 209ms
[2025-04-28 13:37:49] INFO: [Request] POST /api/v1/auth/register 500 - 764ms
[2025-04-28 13:41:44] INFO: ✅ Database connected successfully
[2025-04-28 13:41:44] INFO: ✅ Server running on port 3001
[2025-04-28 13:41:47] INFO: ✅ Database connected successfully
[2025-04-28 13:41:47] INFO: ✅ Server running on port 3001
[2025-04-28 13:41:51] INFO: ✅ Database connected successfully
[2025-04-28 13:41:51] INFO: ✅ Server running on port 3001
[2025-04-28 13:42:00] INFO: [Request] POST /api/v1/auth/register 500 - 871ms
[2025-04-28 13:42:50] INFO: ✅ Database connected successfully
[2025-04-28 13:42:52] INFO: ✅ Database connected successfully
[2025-04-28 13:42:52] INFO: ✅ Server running on port 3001
[2025-04-28 13:43:09] INFO: [Request] POST /api/v1/auth/register 500 - 1341ms
[2025-04-28 13:43:40] INFO: ✅ Database connected successfully
[2025-04-28 13:43:40] INFO: ✅ Server running on port 3001
[2025-04-28 13:43:57] INFO: ✅ Database connected successfully
[2025-04-28 13:43:58] INFO: ✅ Server running on port 3001
[2025-04-28 13:44:02] INFO: ✅ Database connected successfully
[2025-04-28 13:44:02] INFO: ✅ Server running on port 3001
[2025-04-28 13:44:12] INFO: ✅ Database connected successfully
[2025-04-28 13:44:13] INFO: ✅ Server running on port 3001
[2025-04-28 13:44:18] INFO: ✅ Database connected successfully
[2025-04-28 13:44:18] INFO: ✅ Server running on port 3001
[2025-04-28 13:44:27] INFO: ✅ Database connected successfully
[2025-04-28 13:44:27] INFO: ✅ Server running on port 3001
[2025-04-28 13:44:47] INFO: [Request] POST /api/v1/auth/register 500 - 577ms
[2025-04-28 13:45:44] INFO: ✅ Database connected successfully
[2025-04-28 13:45:44] INFO: ✅ Server running on port 3001
[2025-04-28 13:45:53] INFO: [Request] POST /api/v1/auth/register 500 - 243ms
[2025-04-28 13:46:11] INFO: ✅ Database connected successfully
[2025-04-28 13:46:11] INFO: ✅ Server running on port 3001
[2025-04-28 13:46:24] INFO: [Request] POST /api/v1/auth/register 500 - 394ms
[2025-04-28 13:46:46] INFO: ✅ Database connected successfully
[2025-04-28 13:46:46] INFO: ✅ Server running on port 3001
[2025-04-28 13:47:18] INFO: [Request] POST /api/v1/auth/register 500 - 1369ms
[2025-04-28 13:49:09] INFO: ✅ Database connected successfully
[2025-04-28 13:49:09] INFO: ✅ Server running on port 3001
[2025-04-28 13:49:11] INFO: ✅ Database connected successfully
[2025-04-28 13:49:11] INFO: ✅ Server running on port 3001
[2025-04-28 13:49:22] INFO: [Request] POST /api/v1/auth/register 500 - 3628ms
[2025-04-28 13:51:51] INFO: ✅ Database connected successfully
[2025-04-28 13:51:51] INFO: ✅ Server running on port 3001
[2025-04-28 13:51:56] INFO: ✅ Database connected successfully
[2025-04-28 13:51:56] INFO: ✅ Server running on port 3001
[2025-04-28 13:52:27] INFO: ✅ Database connected successfully
[2025-04-28 13:52:27] INFO: ✅ Server running on port 3001
[2025-04-28 13:52:53] INFO: ✅ Database connected successfully
[2025-04-28 13:52:53] INFO: ✅ Server running on port 3001
[2025-04-28 13:52:56] INFO: ✅ Database connected successfully
[2025-04-28 13:52:56] INFO: ✅ Server running on port 3001
[2025-04-28 13:53:03] INFO: ✅ Database connected successfully
[2025-04-28 13:53:03] INFO: ✅ Server running on port 3001
[2025-04-28 13:53:52] INFO: ✅ Database connected successfully
[2025-04-28 13:53:52] INFO: ✅ Server running on port 3001
[2025-04-28 13:53:59] INFO: ✅ Database connected successfully
[2025-04-28 13:53:59] INFO: ✅ Server running on port 3001
[2025-04-28 13:54:03] INFO: ✅ Database connected successfully
[2025-04-28 13:54:03] INFO: ✅ Server running on port 3001
[2025-04-28 13:55:37] INFO: ✅ Database connected successfully
[2025-04-28 13:55:37] INFO: ✅ Server running on port 3001
[2025-04-28 13:55:45] INFO: ✅ Database connected successfully
[2025-04-28 13:55:45] INFO: ✅ Server running on port 3001
[2025-04-28 14:16:28] INFO: [Request] POST /api/v1/auth/register 500 - 1925ms
[2025-04-28 14:17:16] INFO: ✅ Database connected successfully
[2025-04-28 14:17:16] INFO: ✅ Server running on port 3001
[2025-04-28 14:18:20] INFO: [Request] POST /api/v1/auth/register 200 - 1705ms
[2025-04-28 14:19:04] INFO: [Request] POST /api/v1/auth/login 400 - 225ms
[2025-04-28 14:23:10] INFO: ✅ Database connected successfully
[2025-04-28 14:23:10] INFO: ✅ Server running on port 3001
[2025-04-28 14:23:24] INFO: ✅ Database connected successfully
[2025-04-28 14:23:24] INFO: ✅ Server running on port 3001
[2025-04-28 14:29:16] INFO: ✅ Database connected successfully
[2025-04-28 14:29:16] INFO: ✅ Server running on port 3001
[2025-04-28 14:29:19] INFO: ✅ Database connected successfully
[2025-04-28 14:29:19] INFO: ✅ Server running on port 3001
[2025-04-28 14:29:49] INFO: ✅ Database connected successfully
[2025-04-28 14:29:49] INFO: ✅ Server running on port 3001
[2025-04-28 14:29:56] INFO: ✅ Database connected successfully
[2025-04-28 14:29:56] INFO: ✅ Server running on port 3001
[2025-04-28 14:30:05] INFO: ✅ Database connected successfully
[2025-04-28 14:30:05] INFO: ✅ Server running on port 3001
[2025-04-28 14:30:06] INFO: ✅ Database connected successfully
[2025-04-28 14:30:06] INFO: ✅ Server running on port 3001
[2025-04-28 14:30:16] INFO: ✅ Database connected successfully
[2025-04-28 14:30:16] INFO: ✅ Server running on port 3001
[2025-04-28 14:30:20] INFO: ✅ Database connected successfully
[2025-04-28 14:30:20] INFO: ✅ Server running on port 3001
[2025-04-28 14:31:15] INFO: ✅ Database connected successfully
[2025-04-28 14:31:15] INFO: ✅ Server running on port 3001
[2025-04-28 14:31:18] INFO: ✅ Database connected successfully
[2025-04-28 14:31:18] INFO: ✅ Server running on port 3001
[2025-04-28 14:31:22] INFO: ✅ Database connected successfully
[2025-04-28 14:31:22] INFO: ✅ Server running on port 3001
[2025-04-28 14:31:31] INFO: ✅ Database connected successfully
[2025-04-28 14:31:31] INFO: ✅ Server running on port 3001
[2025-04-28 14:31:34] INFO: ✅ Database connected successfully
[2025-04-28 14:31:35] INFO: ✅ Server running on port 3001
[2025-04-28 14:31:45] INFO: ✅ Database connected successfully
[2025-04-28 14:31:45] INFO: ✅ Server running on port 3001
[2025-04-28 14:32:23] INFO: ✅ Database connected successfully
[2025-04-28 14:32:23] INFO: ✅ Server running on port 3001
[2025-04-28 14:33:35] INFO: ✅ Database connected successfully
[2025-04-28 14:33:35] INFO: ✅ Server running on port 3001
[2025-04-28 14:33:44] INFO: ✅ Database connected successfully
[2025-04-28 14:33:44] INFO: ✅ Server running on port 3001
[2025-04-28 14:35:07] INFO: ✅ Database connected successfully
[2025-04-28 14:35:07] INFO: ✅ Server running on port 3001
[2025-04-28 14:35:09] INFO: ✅ Database connected successfully
[2025-04-28 14:35:09] INFO: ✅ Server running on port 3001
[2025-04-28 14:35:26] INFO: ✅ Database connected successfully
[2025-04-28 14:35:26] INFO: ✅ Server running on port 3001
[2025-04-28 14:35:31] INFO: ✅ Database connected successfully
[2025-04-28 14:35:31] INFO: ✅ Server running on port 3001
[2025-04-28 14:35:37] INFO: ✅ Database connected successfully
[2025-04-28 14:35:38] INFO: ✅ Server running on port 3001
[2025-04-28 14:35:41] INFO: ✅ Database connected successfully
[2025-04-28 14:35:41] INFO: ✅ Server running on port 3001
[2025-04-28 14:39:04] INFO: ✅ Database connected successfully
[2025-04-28 14:39:04] INFO: ✅ Server running on port 3001
[2025-04-28 14:39:11] INFO: ✅ Database connected successfully
[2025-04-28 14:39:11] INFO: ✅ Server running on port 3001
[2025-04-28 14:39:33] INFO: ✅ Database connected successfully
[2025-04-28 14:39:33] INFO: ✅ Server running on port 3001
[2025-04-28 14:39:41] INFO: ✅ Database connected successfully
[2025-04-28 14:39:41] INFO: ✅ Server running on port 3001
[2025-04-28 14:39:52] INFO: ✅ Database connected successfully
[2025-04-28 14:39:52] INFO: ✅ Server running on port 3001
[2025-04-28 14:39:56] INFO: ✅ Database connected successfully
[2025-04-28 14:39:56] INFO: ✅ Server running on port 3001
[2025-04-28 14:40:01] INFO: ✅ Database connected successfully
[2025-04-28 14:40:02] INFO: ✅ Server running on port 3001
[2025-04-28 14:41:14] INFO: ✅ Database connected successfully
[2025-04-28 14:41:14] INFO: ✅ Server running on port 3001
[2025-04-28 14:47:30] INFO: ✅ Database connected successfully
[2025-04-28 14:47:30] INFO: ✅ Server running on port 3001
[2025-04-28 14:47:54] INFO: ✅ Database connected successfully
[2025-04-28 14:47:54] INFO: ✅ Server running on port 3001
[2025-04-28 14:47:58] INFO: ✅ Database connected successfully
[2025-04-28 14:47:58] INFO: ✅ Server running on port 3001
[2025-04-28 14:48:18] INFO: ✅ Database connected successfully
[2025-04-28 14:48:18] INFO: ✅ Server running on port 3001
[2025-04-28 14:48:20] INFO: ✅ Database connected successfully
[2025-04-28 14:48:20] INFO: ✅ Server running on port 3001
[2025-04-28 14:48:31] INFO: ✅ Database connected successfully
[2025-04-28 14:48:31] INFO: ✅ Server running on port 3001
[2025-04-28 14:48:33] INFO: ✅ Database connected successfully
[2025-04-28 14:48:33] INFO: ✅ Server running on port 3001
[2025-04-28 14:49:20] INFO: ✅ Database connected successfully
[2025-04-28 14:49:20] INFO: ✅ Server running on port 3001
[2025-04-28 14:49:44] INFO: ✅ Database connected successfully
[2025-04-28 14:49:44] INFO: ✅ Server running on port 3001
[2025-04-28 14:50:49] INFO: ✅ Database connected successfully
[2025-04-28 14:50:49] INFO: ✅ Server running on port 3001
[2025-04-28 14:52:27] INFO: [Request] POST /api/v1/auth/register 400 - 228ms
[2025-04-28 14:53:24] INFO: [Request] POST /api/v1/auth/register 500 - 1467ms
[2025-04-28 14:54:10] INFO: ✅ Database connected successfully
[2025-04-28 14:54:10] INFO: ✅ Server running on port 3001
[2025-04-28 14:54:55] INFO: [Request] POST /api/v1/auth/register 500 - 1836ms
[2025-04-28 15:09:32] INFO: ✅ Database connected successfully
[2025-04-28 15:09:32] INFO: ✅ Server running on port 3001
[2025-04-28 15:09:40] INFO: ✅ Database connected successfully
[2025-04-28 15:09:40] INFO: ✅ Server running on port 3001
[2025-04-28 15:09:54] INFO: [Request] POST /api/v1/auth/register 500 - 1797ms
[2025-04-28 15:10:36] INFO: ✅ Database connected successfully
[2025-04-28 15:10:36] INFO: ✅ Server running on port 3001
[2025-04-28 15:10:45] INFO: ✅ Database connected successfully
[2025-04-28 15:10:45] INFO: ✅ Server running on port 3001
[2025-04-28 15:10:47] INFO: ✅ Database connected successfully
[2025-04-28 15:10:47] INFO: ✅ Server running on port 3001
[2025-04-28 15:10:55] INFO: ✅ Database connected successfully
[2025-04-28 15:10:55] INFO: ✅ Server running on port 3001
[2025-04-28 15:10:56] INFO: ✅ Database connected successfully
[2025-04-28 15:10:56] INFO: ✅ Server running on port 3001
[2025-04-28 15:11:21] INFO: ✅ Database connected successfully
[2025-04-28 15:11:22] INFO: ✅ Server running on port 3001
[2025-04-28 15:11:36] INFO: ✅ Database connected successfully
[2025-04-28 15:11:36] INFO: ✅ Server running on port 3001
[2025-04-28 15:11:38] INFO: ✅ Database connected successfully
[2025-04-28 15:11:39] INFO: ✅ Server running on port 3001
[2025-04-28 15:11:51] INFO: [Request] POST /api/v1/auth/register 200 - 2176ms
[2025-04-28 15:14:13] INFO: [Request] POST /api/v1/auth/register 200 - 1042ms
[2025-04-28 15:16:38] INFO: ✅ Database connected successfully
[2025-04-28 15:16:38] INFO: ✅ Server running on port 3001
[2025-04-28 15:18:26] INFO: [Request] POST /api/v1/auth/login 400 - 345ms
[2025-04-28 16:12:06] INFO: [Request] OPTIONS /api/v1/auth/login 200 - 106ms
[2025-04-28 16:13:14] INFO: ✅ Database connected successfully
[2025-04-28 16:13:14] INFO: ✅ Server running on port 3001
[2025-04-28 16:13:40] INFO: [Request] OPTIONS /api/v1/auth/login 204 - 11ms
[2025-04-28 16:13:41] INFO: [Request] POST /api/v1/auth/login 400 - 172ms
[2025-04-28 16:14:19] INFO: [Request] OPTIONS /api/v1/auth/register 204 - 2ms
[2025-04-28 16:14:21] INFO: [Request] POST /api/v1/auth/register 200 - 1946ms
[2025-04-28 16:53:33] INFO: ✅ Database connected successfully
[2025-04-28 16:53:33] INFO: ✅ Server running on port 3001
[2025-04-28 16:54:34] INFO: [Request] OPTIONS /api/v1/auth/register 204 - 6ms
[2025-04-28 16:54:36] INFO: [Request] POST /api/v1/auth/register 200 - 1678ms
[2025-04-28 16:56:38] INFO: ✅ Database connected successfully
[2025-04-28 16:56:38] INFO: ✅ Server running on port 3001
[2025-04-28 16:57:00] INFO: ✅ Database connected successfully
[2025-04-28 16:57:00] INFO: ✅ Server running on port 3001
[2025-04-28 17:00:23] INFO: [Request] OPTIONS /api/v1/auth/register 204 - 8ms
[2025-04-28 17:00:25] INFO: [Request] POST /api/v1/auth/register 200 - 1423ms
[2025-04-28 17:04:01] INFO: ✅ Database connected successfully
[2025-04-28 17:04:01] INFO: ✅ Server running on port 3001
[2025-04-28 17:04:20] INFO: [Request] OPTIONS /api/v1/auth/register 204 - 8ms
[2025-04-28 17:04:22] INFO: [Request] POST /api/v1/auth/register 200 - 1580ms
[2025-04-28 17:06:21] INFO: [Request] OPTIONS /api/v1/auth/register 204 - 47ms
[2025-04-28 17:06:29] INFO: [Request] OPTIONS /api/v1/auth/register 204 - 0ms
[2025-04-28 17:07:02] INFO: ✅ Database connected successfully
[2025-04-28 17:07:02] INFO: ✅ Server running on port 3001
[2025-04-28 17:07:11] INFO: [Request] OPTIONS /api/v1/auth/register 204 - 6ms
[2025-04-28 17:07:12] INFO: [Request] POST /api/v1/auth/register 200 - 1256ms
[2025-04-28 17:48:33] INFO: ✅ Database connected successfully
[2025-04-28 17:48:34] INFO: ✅ Server running on port 3001
[2025-04-28 17:48:59] INFO: ✅ Database connected successfully
[2025-04-28 17:48:59] INFO: ✅ Server running on port 3001
[2025-04-28 17:51:39] INFO: ✅ Database connected successfully
[2025-04-28 17:51:39] INFO: ✅ Server running on port 3001
[2025-04-28 17:52:02] INFO: ✅ Database connected successfully
[2025-04-28 17:52:02] INFO: ✅ Server running on port 3001
[2025-04-28 17:52:52] INFO: ✅ Database connected successfully
[2025-04-28 17:52:52] INFO: ✅ Server running on port 3001
[2025-04-28 17:54:24] INFO: ✅ Database connected successfully
[2025-04-28 17:54:24] INFO: ✅ Server running on port 3001
[2025-04-28 18:00:21] INFO: [Request] GET /api/v1/auth/user 404 - 17ms
[2025-04-28 18:00:21] INFO: [Request] GET /api/v1/auth/user 404 - 3ms
[2025-04-28 18:01:17] INFO: ✅ Database connected successfully
[2025-04-28 18:01:17] INFO: ✅ Server running on port 3001
[2025-04-28 18:01:56] INFO: ✅ Database connected successfully
[2025-04-28 18:01:56] INFO: ✅ Server running on port 3001
[2025-04-28 18:02:28] INFO: ✅ Database connected successfully
[2025-04-28 18:02:28] INFO: ✅ Server running on port 3001
[2025-04-28 18:02:34] INFO: ✅ Database connected successfully
[2025-04-28 18:02:34] INFO: ✅ Server running on port 3001
[2025-04-28 18:02:47] INFO: ✅ Database connected successfully
[2025-04-28 18:02:47] INFO: ✅ Server running on port 3001
[2025-04-28 18:02:53] INFO: ✅ Database connected successfully
[2025-04-28 18:02:54] INFO: ✅ Server running on port 3001
[2025-04-28 18:03:10] INFO: ✅ Database connected successfully
[2025-04-28 18:03:10] INFO: ✅ Server running on port 3001
[2025-04-28 18:04:18] INFO: [Request] GET /api/v1/auth/user 404 - 218ms
[2025-04-28 18:04:18] INFO: [Request] GET /api/v1/auth/user 404 - 11ms
[2025-04-28 18:08:04] INFO: ✅ Database connected successfully
[2025-04-28 18:08:04] INFO: ✅ Server running on port 3001
[2025-04-28 18:08:06] INFO: [Request] GET /api/v1/auth/user 401 - 11ms
[2025-04-28 18:08:06] INFO: [Request] GET /api/v1/auth/user 401 - 7ms
[2025-04-28 18:08:18] INFO: [Request] GET /api/v1/auth/user 401 - 14ms
[2025-04-28 18:08:18] INFO: [Request] GET /api/v1/auth/user 401 - 2ms
[2025-04-28 18:08:28] INFO: [Request] OPTIONS /api/v1/auth/register 204 - 3ms
[2025-04-28 18:08:28] INFO: [Request] POST /api/v1/auth/register 400 - 265ms
[2025-04-28 18:08:35] INFO: [Request] POST /api/v1/auth/register 200 - 1662ms
[2025-04-28 18:08:35] INFO: [Request] GET /api/v1/auth/user 401 - 10ms
[2025-04-28 18:08:35] INFO: [Request] GET /api/v1/auth/user 401 - 14ms
[2025-04-28 18:09:45] INFO: ✅ Database connected successfully
[2025-04-28 18:09:45] INFO: ✅ Server running on port 3001
[2025-04-28 18:09:46] INFO: [Request] GET /api/v1/auth/user 500 - 15ms
[2025-04-28 18:09:46] INFO: [Request] GET /api/v1/auth/user 500 - 3ms
[2025-04-28 18:12:13] INFO: [Request] GET /api/v1/auth/user 500 - 7ms
[2025-04-28 18:12:13] INFO: [Request] GET /api/v1/auth/user 500 - 2ms
[2025-04-28 18:12:37] INFO: ✅ Database connected successfully
[2025-04-28 18:12:37] INFO: ✅ Server running on port 3001
[2025-04-28 18:12:41] INFO: [Request] GET /api/v1/auth/user 500 - 53ms
[2025-04-28 18:12:41] INFO: [Request] GET /api/v1/auth/user 500 - 23ms
[2025-04-28 18:13:09] INFO: ✅ Database connected successfully
[2025-04-28 18:13:09] INFO: ✅ Server running on port 3001
[2025-04-28 18:13:11] INFO: ✅ Database connected successfully
[2025-04-28 18:13:11] INFO: ✅ Server running on port 3001
[2025-04-28 18:13:17] INFO: [Request] GET /api/v1/auth/user 401 - 14ms
[2025-04-28 18:13:17] INFO: [Request] GET /api/v1/auth/user 401 - 1ms
[2025-04-28 18:13:29] INFO: [Request] GET /api/v1/auth/user 401 - 4ms
[2025-04-28 18:13:29] INFO: [Request] GET /api/v1/auth/user 401 - 1ms
[2025-04-28 18:13:47] INFO: ✅ Database connected successfully
[2025-04-28 18:13:47] INFO: ✅ Server running on port 3001
[2025-04-28 18:13:52] INFO: [Request] GET /api/v1/auth/user 401 - 114ms
[2025-04-28 18:13:52] INFO: [Request] GET /api/v1/auth/user 401 - 2ms
[2025-04-28 18:14:12] INFO: ✅ Database connected successfully
[2025-04-28 18:14:12] INFO: ✅ Server running on port 3001
[2025-04-28 18:14:18] INFO: [Request] GET /api/v1/auth/user 401 - 28ms
[2025-04-28 18:14:18] INFO: [Request] GET /api/v1/auth/user 401 - 6ms
[2025-04-28 18:14:53] INFO: ✅ Database connected successfully
[2025-04-28 18:14:53] INFO: ✅ Server running on port 3001
[2025-04-28 18:15:00] INFO: ✅ Database connected successfully
[2025-04-28 18:15:00] INFO: ✅ Server running on port 3001
[2025-04-28 18:15:09] INFO: ✅ Database connected successfully
[2025-04-28 18:15:09] INFO: ✅ Server running on port 3001
[2025-04-28 18:15:16] INFO: ✅ Database connected successfully
[2025-04-28 18:15:16] INFO: ✅ Server running on port 3001
[2025-04-28 18:15:50] INFO: ✅ Database connected successfully
[2025-04-28 18:15:50] INFO: ✅ Server running on port 3001
[2025-04-28 18:16:04] INFO: ✅ Database connected successfully
[2025-04-28 18:16:04] INFO: ✅ Server running on port 3001
[2025-04-28 18:16:08] INFO: ✅ Database connected successfully
[2025-04-28 18:16:08] INFO: ✅ Server running on port 3001
[2025-04-28 18:16:19] INFO: ✅ Database connected successfully
[2025-04-28 18:16:19] INFO: ✅ Server running on port 3001
[2025-04-28 18:16:24] INFO: ✅ Database connected successfully
[2025-04-28 18:16:24] INFO: ✅ Server running on port 3001
[2025-04-28 18:16:30] INFO: ✅ Database connected successfully
[2025-04-28 18:16:32] INFO: ✅ Database connected successfully
[2025-04-28 18:16:32] INFO: ✅ Server running on port 3001
[2025-04-28 18:16:35] INFO: ✅ Database connected successfully
[2025-04-28 18:16:35] INFO: ✅ Server running on port 3001
[2025-04-28 18:16:37] INFO: ✅ Database connected successfully
[2025-04-28 18:16:37] INFO: ✅ Server running on port 3001
[2025-04-28 18:16:46] INFO: ✅ Database connected successfully
[2025-04-28 18:16:46] INFO: ✅ Server running on port 3001
[2025-04-28 18:16:54] INFO: ✅ Database connected successfully
[2025-04-28 18:16:54] INFO: ✅ Server running on port 3001
[2025-04-28 18:17:04] INFO: ✅ Database connected successfully
[2025-04-28 18:17:04] INFO: ✅ Server running on port 3001
[2025-04-28 18:17:37] INFO: ✅ Database connected successfully
[2025-04-28 18:17:37] INFO: ✅ Server running on port 3001
[2025-04-28 18:17:56] INFO: ✅ Database connected successfully
[2025-04-28 18:17:56] INFO: ✅ Server running on port 3001
[2025-04-28 18:17:58] INFO: ✅ Database connected successfully
[2025-04-28 18:17:58] INFO: ✅ Server running on port 3001
[2025-04-28 18:18:01] INFO: ✅ Database connected successfully
[2025-04-28 18:18:01] INFO: ✅ Server running on port 3001
[2025-04-28 18:18:09] INFO: ✅ Database connected successfully
[2025-04-28 18:18:09] INFO: ✅ Server running on port 3001
[2025-04-28 18:18:13] INFO: ✅ Database connected successfully
[2025-04-28 18:18:13] INFO: ✅ Server running on port 3001
[2025-04-28 18:18:25] INFO: [Request] GET /api/v1/auth/user 401 - 9ms
[2025-04-28 18:18:25] INFO: [Request] GET /api/v1/auth/user 401 - 2ms
[2025-04-28 18:18:53] INFO: ✅ Database connected successfully
[2025-04-28 18:18:53] INFO: ✅ Server running on port 3001
[2025-04-28 18:19:05] INFO: [Request] GET /api/v1/auth/user 401 - 91ms
[2025-04-28 18:19:05] INFO: [Request] GET /api/v1/auth/user 401 - 10ms
[2025-04-28 18:20:14] INFO: ✅ Database connected successfully
[2025-04-28 18:20:14] INFO: ✅ Server running on port 3001
[2025-04-28 18:20:16] INFO: ✅ Database connected successfully
[2025-04-28 18:20:17] INFO: ✅ Server running on port 3001
[2025-04-28 18:20:34] INFO: [Request] GET /api/v1/auth/user 403 - 14ms
[2025-04-28 18:20:34] INFO: [Request] GET /api/v1/auth/user 403 - 9ms
[2025-04-28 18:21:11] INFO: ✅ Database connected successfully
[2025-04-28 18:21:11] INFO: ✅ Server running on port 3001
[2025-04-28 18:21:16] INFO: [Request] GET /api/v1/auth/user 401 - 16ms
[2025-04-28 18:21:16] INFO: [Request] GET /api/v1/auth/user 401 - 10ms
[2025-04-28 18:21:28] INFO: ✅ Database connected successfully
[2025-04-28 18:21:28] INFO: ✅ Server running on port 3001
[2025-04-28 18:21:28] INFO: [Request] GET /api/v1/auth/user 403 - 13ms
[2025-04-28 18:21:28] INFO: [Request] GET /api/v1/auth/user 403 - 2ms
[2025-04-28 18:21:47] INFO: ✅ Database connected successfully
[2025-04-28 18:21:47] INFO: ✅ Server running on port 3001
[2025-04-28 18:21:55] INFO: [Request] GET /api/v1/auth/user 403 - 109ms
[2025-04-28 18:21:55] INFO: [Request] GET /api/v1/auth/user 403 - 2ms
[2025-04-28 18:22:24] INFO: ✅ Database connected successfully
[2025-04-28 18:22:24] INFO: ✅ Server running on port 3001
[2025-04-28 18:22:25] INFO: [Request] GET /api/v1/auth/user 500 - 101ms
[2025-04-28 18:22:25] INFO: [Request] GET /api/v1/auth/user 500 - 11ms
[2025-04-28 18:23:01] INFO: ✅ Database connected successfully
[2025-04-28 18:23:02] INFO: ✅ Server running on port 3001
[2025-04-28 18:23:04] INFO: ✅ Database connected successfully
[2025-04-28 18:23:04] INFO: ✅ Server running on port 3001
[2025-04-28 18:23:15] INFO: [Request] GET /api/v1/auth/user 500 - 52ms
[2025-04-28 18:23:15] INFO: [Request] GET /api/v1/auth/user 500 - 20ms
[2025-04-28 18:23:35] INFO: ✅ Database connected successfully
[2025-04-28 18:23:35] INFO: ✅ Server running on port 3001
[2025-04-28 18:23:55] INFO: [Request] OPTIONS /api/v1/auth/register 204 - 8ms
[2025-04-28 18:23:57] INFO: [Request] POST /api/v1/auth/register 200 - 1958ms
[2025-04-28 18:23:57] INFO: [Request] GET /api/v1/auth/user 500 - 9ms
[2025-04-28 18:23:57] INFO: [Request] GET /api/v1/auth/user 500 - 4ms
[2025-04-28 18:25:50] INFO: ✅ Database connected successfully
[2025-04-28 18:25:50] INFO: ✅ Server running on port 3001
[2025-04-28 18:25:56] INFO: ✅ Database connected successfully
[2025-04-28 18:25:56] INFO: ✅ Server running on port 3001
[2025-04-28 18:26:18] INFO: ✅ Database connected successfully
[2025-04-28 18:26:18] INFO: ✅ Server running on port 3001
[2025-04-28 18:26:27] INFO: [Request] GET /api/v1/auth/user 500 - 32ms
[2025-04-28 18:26:28] INFO: [Request] GET /api/v1/auth/user 500 - 8ms
[2025-04-28 18:27:10] INFO: ✅ Database connected successfully
[2025-04-28 18:27:10] INFO: ✅ Server running on port 3001
[2025-04-28 18:27:15] INFO: ✅ Database connected successfully
[2025-04-28 18:27:15] INFO: ✅ Server running on port 3001
[2025-04-28 18:27:26] INFO: [Request] GET /api/v1/auth/user 200 - 468ms
[2025-04-28 18:27:27] INFO: [Request] GET /api/v1/auth/user 304 - 26ms
[2025-04-28 18:42:10] INFO: [Request] OPTIONS /api/v1/auth/register 204 - 2ms
[2025-04-28 18:42:11] INFO: [Request] POST /api/v1/auth/register 400 - 251ms
[2025-04-28 18:42:17] INFO: [Request] POST /api/v1/auth/register 200 - 1757ms
[2025-04-28 18:42:17] INFO: [Request] GET /api/v1/auth/user 200 - 29ms
[2025-04-28 18:42:17] INFO: [Request] GET /api/v1/auth/user 304 - 19ms
[2025-04-28 18:44:58] INFO: ✅ Database connected successfully
[2025-04-28 18:44:58] INFO: ✅ Server running on port 3001
[2025-04-28 18:45:08] INFO: ✅ Database connected successfully
[2025-04-28 18:45:08] INFO: ✅ Server running on port 3001
[2025-04-28 18:45:42] INFO: ✅ Database connected successfully
[2025-04-28 18:45:42] INFO: ✅ Server running on port 3001
[2025-04-28 18:45:46] INFO: ✅ Database connected successfully
[2025-04-28 18:45:46] INFO: ✅ Server running on port 3001
[2025-04-28 18:45:54] INFO: ✅ Database connected successfully
[2025-04-28 18:45:54] INFO: ✅ Server running on port 3001
[2025-04-28 18:45:58] INFO: ✅ Database connected successfully
[2025-04-28 18:45:58] INFO: ✅ Server running on port 3001
[2025-04-28 18:46:19] INFO: ✅ Database connected successfully
[2025-04-28 18:46:19] INFO: ✅ Server running on port 3001
[2025-04-28 18:46:32] INFO: ✅ Database connected successfully
[2025-04-28 18:46:32] INFO: ✅ Server running on port 3001
[2025-04-28 18:47:19] INFO: ✅ Database connected successfully
[2025-04-28 18:47:19] INFO: ✅ Server running on port 3001
[2025-04-28 18:49:27] INFO: ✅ Database connected successfully
[2025-04-28 18:49:27] INFO: ✅ Server running on port 3001
[2025-04-28 18:49:53] INFO: ✅ Database connected successfully
[2025-04-28 18:49:53] INFO: ✅ Server running on port 3001
[2025-04-28 18:50:00] INFO: ✅ Database connected successfully
[2025-04-28 18:50:00] INFO: ✅ Server running on port 3001
[2025-04-28 18:51:43] INFO: ✅ Database connected successfully
[2025-04-28 18:51:43] INFO: ✅ Server running on port 3001
[2025-04-28 18:53:42] INFO: ✅ Database connected successfully
[2025-04-28 18:53:42] INFO: ✅ Server running on port 3001
[2025-04-28 18:53:45] INFO: ✅ Database connected successfully
[2025-04-28 18:53:45] INFO: ✅ Server running on port 3001
[2025-04-28 18:54:04] INFO: ✅ Database connected successfully
[2025-04-28 18:54:04] INFO: ✅ Server running on port 3001
[2025-04-28 18:54:14] INFO: ✅ Database connected successfully
[2025-04-28 18:54:14] INFO: ✅ Server running on port 3001
[2025-04-28 18:54:29] INFO: ✅ Database connected successfully
[2025-04-28 18:54:29] INFO: ✅ Server running on port 3001
[2025-04-28 18:54:37] INFO: ✅ Database connected successfully
[2025-04-28 18:54:37] INFO: ✅ Server running on port 3001
[2025-04-28 18:54:45] INFO: ✅ Database connected successfully
[2025-04-28 18:54:45] INFO: ✅ Server running on port 3001
[2025-04-28 18:55:00] INFO: ✅ Database connected successfully
[2025-04-28 18:55:00] INFO: ✅ Server running on port 3001
[2025-04-28 18:55:05] INFO: ✅ Database connected successfully
[2025-04-28 18:55:05] INFO: ✅ Server running on port 3001
[2025-04-28 18:55:19] INFO: ✅ Database connected successfully
[2025-04-28 18:55:19] INFO: ✅ Server running on port 3001
[2025-04-28 18:55:22] INFO: ✅ Database connected successfully
[2025-04-28 18:55:22] INFO: ✅ Server running on port 3001
[2025-04-28 18:55:40] INFO: ✅ Database connected successfully
[2025-04-28 18:55:40] INFO: ✅ Server running on port 3001
[2025-04-28 18:57:07] INFO: ✅ Database connected successfully
[2025-04-28 18:57:07] INFO: ✅ Server running on port 3001
[2025-04-28 18:57:10] INFO: ✅ Database connected successfully
[2025-04-28 18:57:10] INFO: ✅ Server running on port 3001
[2025-04-28 18:57:26] INFO: ✅ Database connected successfully
[2025-04-28 18:57:26] INFO: ✅ Server running on port 3001
[2025-04-28 18:57:38] INFO: ✅ Database connected successfully
[2025-04-28 18:57:38] INFO: ✅ Server running on port 3001
[2025-04-28 18:57:52] INFO: ✅ Database connected successfully
[2025-04-28 18:57:52] INFO: ✅ Server running on port 3001
[2025-04-28 18:58:53] INFO: ✅ Database connected successfully
[2025-04-28 18:58:53] INFO: ✅ Server running on port 3001
[2025-04-28 19:10:23] INFO: [Request] GET /api/v1/auth/user 401 - 15ms
[2025-04-28 19:10:23] INFO: [Request] GET /api/v1/auth/user 401 - 2ms
[2025-04-28 19:11:09] INFO: [Request] GET /api/v1/auth/user 401 - 2ms
[2025-04-28 19:11:09] INFO: [Request] GET /api/v1/auth/user 401 - 2ms
[2025-04-28 19:30:27] INFO: [Request] GET /api/v1/auth/user 401 - 13ms
[2025-04-28 19:30:27] INFO: [Request] GET /api/v1/auth/user 401 - 8ms
[2025-04-28 19:31:42] INFO: [Request] GET /api/v1/auth/user 401 - 1ms
[2025-04-28 19:31:42] INFO: [Request] GET /api/v1/auth/user 401 - 2ms
[2025-04-28 19:32:23] INFO: [Request] GET /api/v1/auth/user 401 - 11ms
[2025-04-28 19:32:26] INFO: [Request] GET /api/v1/auth/user 401 - 54ms
[2025-04-28 19:32:26] INFO: [Request] GET /api/v1/auth/user 401 - 4ms
[2025-04-28 19:32:31] INFO: [Request] GET /api/v1/auth/user 401 - 1ms
[2025-04-28 19:32:31] INFO: [Request] GET /api/v1/auth/user 401 - 1ms
[2025-04-28 19:34:07] INFO: [Request] GET /api/v1/auth/user 401 - 1ms
[2025-04-28 19:34:07] INFO: [Request] GET /api/v1/auth/user 401 - 2ms
[2025-04-28 19:35:25] INFO: [Request] GET /api/v1/auth/user 401 - 1ms
[2025-04-28 19:35:25] INFO: [Request] GET /api/v1/auth/user 401 - 2ms
[2025-04-28 19:37:03] INFO: [Request] GET /api/v1/auth/user 401 - 45ms
[2025-04-28 19:37:03] INFO: [Request] GET /api/v1/auth/user 401 - 2ms
[2025-04-28 19:37:09] INFO: [Request] GET /api/v1/auth/user 401 - 1ms
[2025-04-28 19:37:09] INFO: [Request] GET /api/v1/auth/user 401 - 1ms
[2025-04-28 19:41:34] INFO: [Request] OPTIONS /api/v1/auth/register 204 - 2ms
[2025-04-28 19:41:34] INFO: [Request] POST /api/v1/auth/register 400 - 211ms
[2025-04-28 19:43:18] INFO: [Request] OPTIONS /api/v1/auth/register 204 - 2ms
[2025-04-28 19:43:18] INFO: [Request] POST /api/v1/auth/register 400 - 231ms
[2025-04-28 19:43:30] INFO: [Request] OPTIONS /api/v1/auth/register 204 - 1ms
[2025-04-28 19:43:30] INFO: [Request] POST /api/v1/auth/register 500 - 319ms
[2025-04-28 19:50:56] INFO: ✅ Database connected successfully
[2025-04-28 19:50:56] INFO: ✅ Server running on port 3001
[2025-04-28 19:51:00] INFO: [Request] OPTIONS /api/v1/auth/register 204 - 6ms
[2025-04-28 19:51:00] INFO: [Request] POST /api/v1/auth/register 400 - 35ms
[2025-04-28 19:51:09] INFO: [Request] OPTIONS /api/v1/auth/register 204 - 3ms
[2025-04-28 19:51:10] INFO: [Request] POST /api/v1/auth/register 200 - 1739ms
[2025-04-28 19:51:11] INFO: [Request] GET /api/v1/auth/user 200 - 187ms
[2025-04-28 19:51:11] INFO: [Request] GET /api/v1/auth/user 304 - 21ms
[2025-04-28 19:53:52] INFO: [Request] OPTIONS /api/v1/auth/register 204 - 1ms
[2025-04-28 19:53:54] INFO: [Request] POST /api/v1/auth/register 200 - 1899ms
[2025-04-28 19:53:54] INFO: [Request] GET /api/v1/auth/user 200 - 25ms
[2025-04-28 19:53:54] INFO: [Request] GET /api/v1/auth/user 304 - 25ms
[2025-04-28 20:03:12] INFO: ✅ Database connected successfully
[2025-04-28 20:03:12] INFO: ✅ Server running on port 3001
[2025-04-28 20:03:20] INFO: ✅ Database connected successfully
[2025-04-28 20:03:20] INFO: ✅ Server running on port 3001
[2025-04-28 20:03:42] INFO: ✅ Database connected successfully
[2025-04-28 20:03:42] INFO: ✅ Server running on port 3001
[2025-04-28 20:04:52] INFO: ✅ Database connected successfully
[2025-04-28 20:04:53] INFO: ✅ Server running on port 3001
[2025-04-28 20:05:17] INFO: [Request] OPTIONS /api/v1/auth/register 204 - 18ms
[2025-04-28 20:05:17] INFO: [Request] POST /api/v1/auth/register 400 - 204ms
[2025-04-28 20:05:22] INFO: [Request] POST /api/v1/auth/register 200 - 1393ms
[2025-04-28 20:05:22] INFO: [Request] GET /api/v1/auth/user 200 - 32ms
[2025-04-28 20:05:22] INFO: [Request] GET /api/v1/auth/user 304 - 43ms
[2025-04-28 20:06:04] INFO: ✅ Database connected successfully
[2025-04-28 20:06:04] INFO: ✅ Server running on port 3001
[2025-04-28 20:06:32] INFO: ✅ Database connected successfully
[2025-04-28 20:06:32] INFO: ✅ Server running on port 3001
[2025-04-28 20:06:51] INFO: ✅ Database connected successfully
[2025-04-28 20:06:51] INFO: ✅ Server running on port 3001
[2025-04-28 20:07:46] INFO: [Request] GET /api/v1/auth/user 304 - 504ms
[2025-04-28 20:07:46] INFO: [Request] GET /api/v1/auth/user 304 - 29ms
[2025-04-28 20:08:05] INFO: [Request] GET /api/v1/auth/user 304 - 343ms
[2025-04-28 20:08:05] INFO: [Request] GET /api/v1/auth/user 304 - 25ms
[2025-04-28 20:08:35] INFO: [Request] OPTIONS /api/v1/auth/verify-otp 204 - 2ms
[2025-04-28 20:08:35] INFO: [Request] POST /api/v1/auth/verify-otp 500 - 86ms
[2025-04-28 20:09:13] INFO: ✅ Database connected successfully
[2025-04-28 20:09:13] INFO: ✅ Server running on port 3001
[2025-04-28 20:36:24] INFO: [Request] OPTIONS /api/v1/auth/login 204 - 12ms
[2025-04-28 20:36:25] INFO: [Request] POST /api/v1/auth/login 400 - 383ms
[2025-04-28 20:36:56] INFO: [Request] OPTIONS /api/v1/auth/register 204 - 8ms
[2025-04-28 20:36:57] INFO: [Request] POST /api/v1/auth/register 200 - 1527ms
[2025-04-28 20:36:57] INFO: [Request] GET /api/v1/auth/user 200 - 40ms
[2025-04-28 20:36:57] INFO: [Request] GET /api/v1/auth/user 304 - 30ms
[2025-04-28 20:37:20] INFO: [Request] OPTIONS /api/v1/auth/verify-otp 204 - 4ms
[2025-04-28 20:37:20] INFO: [Request] POST /api/v1/auth/verify-otp 500 - 310ms
[2025-04-28 20:38:50] INFO: [Request] OPTIONS /api/v1/auth/register 204 - 1ms
[2025-04-28 20:38:50] INFO: [Request] POST /api/v1/auth/register 400 - 259ms
[2025-04-28 20:38:55] INFO: [Request] OPTIONS /api/v1/auth/register 204 - 1ms
[2025-04-28 20:38:56] INFO: [Request] POST /api/v1/auth/register 200 - 1147ms
[2025-04-28 20:38:57] INFO: [Request] GET /api/v1/auth/user 200 - 30ms
[2025-04-28 20:38:57] INFO: [Request] GET /api/v1/auth/user 304 - 20ms
[2025-04-28 20:39:22] INFO: [Request] OPTIONS /api/v1/auth/verify-otp 204 - 1ms
[2025-04-28 20:39:22] INFO: [Request] POST /api/v1/auth/verify-otp 500 - 201ms
[2025-04-28 20:42:17] INFO: [Request] OPTIONS /api/v1/auth/verify-otp 204 - 101ms
[2025-04-28 20:42:18] INFO: [Request] POST /api/v1/auth/verify-otp 500 - 315ms
[2025-04-28 20:43:40] INFO: ✅ Database connected successfully
[2025-04-28 20:43:40] INFO: ✅ Server running on port 3001
[2025-04-28 20:43:42] INFO: [Request] OPTIONS /api/v1/auth/verify-otp 204 - 8ms
[2025-04-28 20:43:42] INFO: [Request] POST /api/v1/auth/verify-otp 500 - 56ms
[2025-04-28 20:44:29] INFO: ✅ Database connected successfully
[2025-04-28 20:44:29] INFO: ✅ Server running on port 3001
[2025-04-28 20:44:31] INFO: [Request] OPTIONS /api/v1/auth/verify-otp 204 - 5ms
[2025-04-28 20:44:31] INFO: [Request] POST /api/v1/auth/verify-otp 400 - 55ms
[2025-04-28 20:45:05] INFO: ✅ Database connected successfully
[2025-04-28 20:45:05] INFO: ✅ Server running on port 3001
[2025-04-28 20:45:10] INFO: ✅ Database connected successfully
[2025-04-28 20:45:10] INFO: ✅ Server running on port 3001
[2025-04-28 20:45:13] INFO: ✅ Database connected successfully
[2025-04-28 20:45:13] INFO: ✅ Server running on port 3001
[2025-04-28 20:45:17] INFO: [Request] OPTIONS /api/v1/auth/verify-otp 204 - 13ms
[2025-04-28 20:45:17] INFO: [Request] POST /api/v1/auth/verify-otp 400 - 64ms
[2025-04-28 20:46:37] INFO: [Request] OPTIONS /api/v1/auth/verify-otp 204 - 1ms
[2025-04-28 20:46:37] INFO: [Request] POST /api/v1/auth/verify-otp 400 - 219ms
[2025-04-28 20:47:00] INFO: [Request] GET /api/v1/auth/user 304 - 201ms
[2025-04-28 20:47:00] INFO: [Request] GET /api/v1/auth/user 304 - 26ms
[2025-04-28 20:47:22] INFO: [Request] OPTIONS /api/v1/auth/verify-otp 204 - 31ms
[2025-04-28 20:47:22] INFO: [Request] POST /api/v1/auth/verify-otp 400 - 260ms
[2025-04-28 20:49:09] INFO: ✅ Database connected successfully
[2025-04-28 20:49:09] INFO: ✅ Server running on port 3001
[2025-04-28 20:49:25] INFO: ✅ Database connected successfully
[2025-04-28 20:49:25] INFO: ✅ Server running on port 3001
[2025-04-28 20:51:35] INFO: ✅ Database connected successfully
[2025-04-28 20:51:36] INFO: ✅ Server running on port 3001
[2025-04-28 20:51:43] INFO: ✅ Database connected successfully
[2025-04-28 20:51:43] INFO: ✅ Server running on port 3001
[2025-04-28 20:51:47] INFO: [Request] OPTIONS /api/v1/auth/verify-otp 204 - 4ms
[2025-04-28 20:51:47] INFO: [Request] POST /api/v1/auth/verify-otp 400 - 67ms
[2025-04-28 20:52:18] INFO: ✅ Database connected successfully
[2025-04-28 20:52:18] INFO: ✅ Server running on port 3001
[2025-04-28 20:52:33] INFO: ✅ Database connected successfully
[2025-04-28 20:52:33] INFO: ✅ Server running on port 3001
[2025-04-28 20:52:43] INFO: ✅ Database connected successfully
[2025-04-28 20:52:43] INFO: ✅ Server running on port 3001
[2025-04-28 20:52:51] INFO: ✅ Database connected successfully
[2025-04-28 20:52:51] INFO: ✅ Server running on port 3001
[2025-04-28 20:52:56] INFO: ✅ Database connected successfully
[2025-04-28 20:52:56] INFO: ✅ Server running on port 3001
[2025-04-28 20:53:00] INFO: ✅ Database connected successfully
[2025-04-28 20:53:00] INFO: ✅ Server running on port 3001
[2025-04-28 20:53:10] INFO: ✅ Database connected successfully
[2025-04-28 20:53:10] INFO: ✅ Server running on port 3001
[2025-04-28 20:53:12] INFO: ✅ Database connected successfully
[2025-04-28 20:53:12] INFO: ✅ Server running on port 3001
[2025-04-28 20:53:50] INFO: [Request] OPTIONS /api/v1/auth/verify-otp 204 - 15ms
[2025-04-28 20:53:51] INFO: [Request] POST /api/v1/auth/verify-otp 400 - 337ms
[2025-04-28 20:54:24] INFO: ✅ Database connected successfully
[2025-04-28 20:54:24] INFO: ✅ Server running on port 3001
[2025-04-28 20:54:25] INFO: [Request] OPTIONS /api/v1/auth/verify-otp 204 - 5ms
[2025-04-28 20:54:25] INFO: [Request] POST /api/v1/auth/verify-otp 401 - 3ms
[2025-04-28 21:06:46] INFO: [Request] OPTIONS /api/v1/auth/verify-otp 204 - 1ms
[2025-04-28 21:06:46] INFO: [Request] POST /api/v1/auth/verify-otp 401 - 8ms
[2025-04-28 21:07:02] INFO: [Request] GET /api/v1/auth/user 401 - 18ms
[2025-04-28 21:07:02] INFO: [Request] GET /api/v1/auth/user 401 - 9ms
[2025-04-28 21:07:48] INFO: [Request] OPTIONS /api/v1/auth/register 204 - 4ms
[2025-04-28 21:07:50] INFO: [Request] POST /api/v1/auth/register 200 - 1497ms
[2025-04-28 21:07:50] INFO: [Request] GET /api/v1/auth/user 200 - 28ms
[2025-04-28 21:07:50] INFO: [Request] GET /api/v1/auth/user 304 - 45ms
[2025-04-28 21:09:27] INFO: [Request] OPTIONS /api/v1/auth/verify-otp 204 - 1ms
[2025-04-28 21:09:27] INFO: [Request] POST /api/v1/auth/verify-otp 200 - 242ms
[2025-04-28 21:09:50] INFO: [Request] GET /api/v1/auth/user 304 - 304ms
[2025-04-28 21:09:50] INFO: [Request] GET /api/v1/auth/user 304 - 21ms
[2025-04-28 21:10:01] INFO: [Request] OPTIONS /api/v1/auth/verify-otp 204 - 1ms
[2025-04-28 21:10:02] INFO: [Request] POST /api/v1/auth/verify-otp 400 - 186ms
[2025-04-28 21:10:05] INFO: [Request] POST /api/v1/auth/verify-otp 200 - 80ms
[2025-04-28 21:10:41] INFO: [Request] GET /api/v1/auth/user 304 - 196ms
[2025-04-28 21:10:42] INFO: [Request] GET /api/v1/auth/user 304 - 22ms
[2025-04-28 21:11:05] INFO: [Request] OPTIONS /api/v1/auth/login 204 - 1ms
[2025-04-28 21:11:05] INFO: [Request] POST /api/v1/auth/login 400 - 260ms
[2025-04-28 21:11:12] INFO: [Request] OPTIONS /api/v1/auth/login 204 - 1ms
[2025-04-28 21:11:12] INFO: [Request] POST /api/v1/auth/login 400 - 17ms
[2025-04-28 21:16:09] INFO: [Request] OPTIONS /api/v1/auth/login 204 - 1ms
[2025-04-28 21:16:09] INFO: [Request] POST /api/v1/auth/login 400 - 387ms
[2025-04-28 21:17:23] INFO: ✅ Database connected successfully
[2025-04-28 21:17:23] INFO: ✅ Server running on port 3001
[2025-04-28 21:18:04] INFO: [Request] OPTIONS /api/v1/auth/register 204 - 6ms
[2025-04-28 21:18:06] INFO: [Request] POST /api/v1/auth/register 200 - 1683ms
[2025-04-28 21:18:06] INFO: [Request] GET /api/v1/auth/user 200 - 24ms
[2025-04-28 21:18:06] INFO: [Request] GET /api/v1/auth/user 304 - 22ms
[2025-04-28 21:18:31] INFO: [Request] OPTIONS /api/v1/auth/verify-otp 204 - 0ms
[2025-04-28 21:18:31] INFO: [Request] POST /api/v1/auth/verify-otp 200 - 263ms
[2025-04-28 21:19:30] INFO: [Request] OPTIONS /api/v1/auth/login 204 - 0ms
[2025-04-28 21:19:30] INFO: [Request] POST /api/v1/auth/login 400 - 194ms
[2025-04-28 21:19:43] INFO: [Request] OPTIONS /api/v1/auth/login 204 - 7ms
[2025-04-28 21:19:43] INFO: [Request] POST /api/v1/auth/login 400 - 209ms
[2025-04-28 21:19:53] INFO: [Request] GET /api/v1/auth/user 304 - 219ms
[2025-04-28 21:19:53] INFO: [Request] GET /api/v1/auth/user 304 - 23ms
[2025-04-28 21:20:18] INFO: [Request] OPTIONS /api/v1/auth/login 204 - 1ms
[2025-04-28 21:20:18] INFO: [Request] POST /api/v1/auth/login 400 - 325ms
[2025-04-28 21:24:52] INFO: ✅ Database connected successfully
[2025-04-28 21:24:52] INFO: ✅ Server running on port 3001
[2025-04-28 21:24:57] INFO: ✅ Database connected successfully
[2025-04-28 21:24:57] INFO: ✅ Server running on port 3001
[2025-04-28 21:24:59] INFO: ✅ Database connected successfully
[2025-04-28 21:24:59] INFO: ✅ Server running on port 3001
[2025-04-28 21:25:05] INFO: ✅ Database connected successfully
[2025-04-28 21:25:05] INFO: ✅ Server running on port 3001
[2025-04-28 21:26:14] INFO: [Request] OPTIONS /api/v1/auth/login 204 - 10ms
[2025-04-28 21:26:14] INFO: [Request] POST /api/v1/auth/login 400 - 347ms
[2025-04-28 21:27:04] INFO: [Request] OPTIONS /api/v1/auth/register 204 - 3ms
[2025-04-28 21:27:06] INFO: [Request] POST /api/v1/auth/register 200 - 1923ms
[2025-04-28 21:27:06] INFO: [Request] GET /api/v1/auth/user 200 - 83ms
[2025-04-28 21:27:06] INFO: [Request] GET /api/v1/auth/user 304 - 22ms
[2025-04-28 21:27:50] INFO: [Request] OPTIONS /api/v1/auth/verify-otp 204 - 1ms
[2025-04-28 21:27:51] INFO: [Request] POST /api/v1/auth/verify-otp 200 - 355ms
[2025-04-28 21:28:04] INFO: [Request] GET /api/v1/auth/user 304 - 200ms
[2025-04-28 21:28:04] INFO: [Request] GET /api/v1/auth/user 304 - 37ms
[2025-04-28 21:28:20] INFO: [Request] OPTIONS /api/v1/auth/login 204 - 1ms
[2025-04-28 21:28:21] INFO: [Request] POST /api/v1/auth/login 400 - 236ms
[2025-04-28 21:39:16] INFO: ✅ Database connected successfully
[2025-04-28 21:39:16] INFO: ✅ Server running on port 3001
[2025-04-28 21:40:10] INFO: ✅ Database connected successfully
[2025-04-28 21:40:10] INFO: ✅ Server running on port 3001
[2025-04-28 21:40:17] INFO: [Request] OPTIONS /api/v1/auth/login 204 - 15ms
[2025-04-28 21:40:17] INFO: [Request] POST /api/v1/auth/login 400 - 29ms
[2025-04-28 21:41:30] INFO: ✅ Database connected successfully
[2025-04-28 21:41:30] INFO: ✅ Server running on port 3001
[2025-04-28 21:42:33] INFO: ✅ Database connected successfully
[2025-04-28 21:42:33] INFO: ✅ Server running on port 3001
[2025-04-28 21:44:44] INFO: ✅ Database connected successfully
[2025-04-28 21:44:44] INFO: ✅ Server running on port 3001
[2025-04-28 21:50:00] INFO: ✅ Database connected successfully
[2025-04-28 21:50:00] INFO: ✅ Server running on port 3001
[2025-04-28 21:50:10] INFO: ✅ Database connected successfully
[2025-04-28 21:50:10] INFO: ✅ Server running on port 3001
[2025-04-28 21:50:28] INFO: [Request] OPTIONS /api/v1/auth/login 204 - 4ms
[2025-04-28 21:50:28] INFO: [Request] POST /api/v1/auth/login 400 - 297ms
[2025-04-28 21:52:02] INFO: ✅ Database connected successfully
[2025-04-28 21:52:02] INFO: ✅ Server running on port 3001
[2025-04-28 21:52:03] INFO: [Request] OPTIONS /api/v1/auth/login 204 - 18ms
[2025-04-28 21:52:03] INFO: [Request] POST /api/v1/auth/login 400 - 33ms
[2025-04-28 21:52:09] INFO: [Request] OPTIONS /api/v1/auth/login 204 - 3ms
[2025-04-28 21:52:09] INFO: [Request] POST /api/v1/auth/login 400 - 19ms
[2025-04-28 22:04:44] INFO: [Request] OPTIONS /api/v1/auth/login 204 - 11ms
[2025-04-28 22:04:44] INFO: [Request] POST /api/v1/auth/login 400 - 329ms
[2025-04-28 22:06:43] INFO: [Request] OPTIONS /api/v1/auth/login 204 - 1ms
[2025-04-28 22:06:43] INFO: [Request] POST /api/v1/auth/login 400 - 286ms
[2025-04-28 22:07:16] INFO: [Request] OPTIONS /api/v1/auth/login 204 - 1ms
[2025-04-28 22:07:16] INFO: [Request] POST /api/v1/auth/login 400 - 250ms
[2025-04-28 22:08:32] INFO: ✅ Database connected successfully
[2025-04-28 22:08:32] INFO: ✅ Server running on port 3001
[2025-04-28 22:08:37] INFO: [Request] OPTIONS /api/v1/auth/login 204 - 8ms
[2025-04-28 22:08:37] INFO: [Request] POST /api/v1/auth/login 400 - 32ms
[2025-04-28 22:09:22] INFO: ✅ Database connected successfully
[2025-04-28 22:09:22] INFO: ✅ Server running on port 3001
[2025-04-28 22:09:28] INFO: ✅ Database connected successfully
[2025-04-28 22:09:28] INFO: ✅ Server running on port 3001
[2025-04-28 22:09:30] INFO: [Request] OPTIONS /api/v1/auth/login 204 - 7ms
[2025-04-28 22:09:30] INFO: [Request] POST /api/v1/auth/login 400 - 34ms
[2025-04-28 22:15:21] INFO: ✅ Database connected successfully
[2025-04-28 22:15:21] INFO: ✅ Server running on port 3001
[2025-04-28 22:15:27] INFO: ✅ Database connected successfully
[2025-04-28 22:15:27] INFO: ✅ Server running on port 3001
[2025-04-28 22:15:30] INFO: ✅ Database connected successfully
[2025-04-28 22:15:30] INFO: ✅ Server running on port 3001
[2025-04-28 22:15:42] INFO: ✅ Database connected successfully
[2025-04-28 22:15:42] INFO: ✅ Server running on port 3001
[2025-04-28 22:15:57] INFO: ✅ Database connected successfully
[2025-04-28 22:15:57] INFO: ✅ Server running on port 3001
[2025-04-28 22:17:05] INFO: ✅ Database connected successfully
[2025-04-28 22:17:05] INFO: ✅ Server running on port 3001
[2025-04-28 22:17:25] INFO: ✅ Database connected successfully
[2025-04-28 22:17:25] INFO: ✅ Server running on port 3001
[2025-04-28 22:17:33] INFO: ✅ Database connected successfully
[2025-04-28 22:17:33] INFO: ✅ Server running on port 3001
[2025-04-28 22:17:42] INFO: ✅ Database connected successfully
[2025-04-28 22:17:42] INFO: ✅ Server running on port 3001
[2025-04-28 22:17:50] INFO: ✅ Database connected successfully
[2025-04-28 22:17:50] INFO: ✅ Server running on port 3001
[2025-04-28 22:18:33] INFO: ✅ Database connected successfully
[2025-04-28 22:18:33] INFO: ✅ Server running on port 3001
[2025-04-28 22:19:10] INFO: [Request] OPTIONS /api/v1/auth/login 204 - 8ms
[2025-04-28 22:19:11] INFO: [Request] POST /api/v1/auth/login 400 - 189ms
[2025-04-28 22:19:43] INFO: ✅ Database connected successfully
[2025-04-28 22:19:43] INFO: ✅ Server running on port 3001
[2025-04-28 22:20:59] INFO: [Request] OPTIONS /api/v1/auth/login 204 - 17ms
[2025-04-28 22:20:59] INFO: [Request] POST /api/v1/auth/login 400 - 238ms
[2025-04-28 22:21:01] INFO: [Request] POST /api/v1/auth/login 400 - 23ms
[2025-04-28 22:21:09] INFO: [Request] OPTIONS /api/v1/auth/login 204 - 4ms
[2025-04-28 22:21:09] INFO: [Request] POST /api/v1/auth/login 400 - 23ms
[2025-04-28 22:21:48] INFO: ✅ Database connected successfully
[2025-04-28 22:21:48] INFO: ✅ Server running on port 3001
[2025-04-28 22:22:07] INFO: ✅ Database connected successfully
[2025-04-28 22:22:07] INFO: ✅ Server running on port 3001
[2025-04-28 22:22:13] INFO: ✅ Database connected successfully
[2025-04-28 22:22:13] INFO: ✅ Server running on port 3001
[2025-04-28 22:22:32] INFO: ✅ Database connected successfully
[2025-04-28 22:22:32] INFO: ✅ Server running on port 3001
[2025-04-28 22:22:39] INFO: [Request] OPTIONS /api/v1/auth/login 204 - 8ms
[2025-04-28 22:22:39] INFO: [Request] POST /api/v1/auth/login 400 - 96ms
[2025-04-28 22:23:20] INFO: ✅ Database connected successfully
[2025-04-28 22:23:20] INFO: ✅ Server running on port 3001
[2025-04-28 22:23:33] INFO: [Request] OPTIONS /api/v1/auth/login 204 - 14ms
[2025-04-28 22:23:33] INFO: [Request] POST /api/v1/auth/login 400 - 191ms
[2025-04-28 23:34:44] INFO: [Request] OPTIONS /api/v1/auth/login 204 - 4ms
[2025-04-28 23:34:45] INFO: [Request] POST /api/v1/auth/login 400 - 332ms
[2025-04-28 23:35:40] INFO: [Request] OPTIONS /api/v1/auth/register 204 - 2ms
[2025-04-28 23:35:43] INFO: [Request] POST /api/v1/auth/register 200 - 2164ms
[2025-04-28 23:35:43] INFO: [Request] GET /api/v1/auth/user 200 - 112ms
[2025-04-28 23:35:43] INFO: [Request] GET /api/v1/auth/user 304 - 23ms
[2025-04-28 23:35:53] INFO: [Request] OPTIONS /api/v1/auth/verify-otp 204 - 48ms
[2025-04-28 23:35:53] INFO: [Request] POST /api/v1/auth/verify-otp 200 - 80ms
[2025-04-28 23:36:54] INFO: [Request] OPTIONS /api/v1/auth/login 204 - 3ms
[2025-04-28 23:36:54] INFO: [Request] POST /api/v1/auth/login 500 - 298ms
[2025-04-28 23:39:09] INFO: ✅ Database connected successfully
[2025-04-28 23:39:09] INFO: ✅ Server running on port 3001
[2025-04-28 23:39:23] INFO: ✅ Database connected successfully
[2025-04-28 23:39:23] INFO: ✅ Server running on port 3001
[2025-04-28 23:39:27] INFO: ✅ Database connected successfully
[2025-04-28 23:39:27] INFO: ✅ Server running on port 3001
[2025-04-28 23:39:50] INFO: [Request] OPTIONS /api/v1/auth/login 204 - 5ms
[2025-04-28 23:39:50] INFO: [Request] POST /api/v1/auth/login 500 - 192ms
[2025-04-28 23:41:28] INFO: ✅ Database connected successfully
[2025-04-28 23:41:28] INFO: ✅ Server running on port 3001
[2025-04-28 23:41:38] INFO: ✅ Database connected successfully
[2025-04-28 23:41:38] INFO: ✅ Server running on port 3001
[2025-04-28 23:42:03] INFO: ✅ Database connected successfully
[2025-04-28 23:42:03] INFO: ✅ Server running on port 3001
[2025-04-28 23:42:13] INFO: [Request] OPTIONS /api/v1/auth/login 204 - 5ms
[2025-04-28 23:42:13] INFO: [Request] POST /api/v1/auth/login 500 - 30ms
[2025-04-28 23:43:05] INFO: ✅ Database connected successfully
[2025-04-28 23:43:05] INFO: ✅ Server running on port 3001
[2025-04-28 23:43:07] INFO: [Request] OPTIONS /api/v1/auth/login 204 - 7ms
[2025-04-28 23:43:07] INFO: [Request] POST /api/v1/auth/login 500 - 30ms
[2025-04-28 23:43:22] INFO: ✅ Database connected successfully
[2025-04-28 23:43:23] INFO: ✅ Server running on port 3001
[2025-04-28 23:43:24] INFO: [Request] OPTIONS /api/v1/auth/login 204 - 6ms
[2025-04-28 23:43:25] INFO: [Request] POST /api/v1/auth/login 500 - 32ms
[2025-04-28 23:43:53] INFO: ✅ Database connected successfully
[2025-04-28 23:43:53] INFO: ✅ Server running on port 3001
[2025-04-28 23:43:56] INFO: [Request] OPTIONS /api/v1/auth/login 204 - 7ms
[2025-04-28 23:43:56] INFO: [Request] POST /api/v1/auth/login 500 - 30ms
[2025-04-28 23:45:03] INFO: ✅ Database connected successfully
[2025-04-28 23:45:03] INFO: ✅ Server running on port 3001
[2025-04-28 23:45:08] INFO: [Request] OPTIONS /api/v1/auth/login 204 - 6ms
[2025-04-28 23:45:08] INFO: [Request] POST /api/v1/auth/login 500 - 44ms
[2025-04-28 23:46:04] INFO: ✅ Database connected successfully
[2025-04-28 23:46:04] INFO: ✅ Server running on port 3001
[2025-04-28 23:46:13] INFO: ✅ Database connected successfully
[2025-04-28 23:46:14] INFO: ✅ Server running on port 3001
[2025-04-28 23:46:17] INFO: [Request] OPTIONS /api/v1/auth/login 204 - 7ms
[2025-04-28 23:46:17] INFO: [Request] POST /api/v1/auth/login 500 - 36ms
[2025-04-28 23:46:30] INFO: ✅ Database connected successfully
[2025-04-28 23:46:30] INFO: ✅ Server running on port 3001
[2025-04-28 23:46:41] INFO: ✅ Database connected successfully
[2025-04-28 23:46:41] INFO: ✅ Server running on port 3001
[2025-04-28 23:46:43] INFO: ✅ Database connected successfully
[2025-04-28 23:46:43] INFO: ✅ Server running on port 3001
[2025-04-28 23:46:45] INFO: [Request] OPTIONS /api/v1/auth/login 204 - 16ms
[2025-04-28 23:46:46] INFO: [Request] POST /api/v1/auth/login 200 - 1031ms
[2025-04-28 23:46:55] INFO: [Request] OPTIONS /api/v1/auth/login 204 - 2ms
[2025-04-28 23:46:55] INFO: [Request] POST /api/v1/auth/login 429 - 138ms
[2025-04-28 23:47:55] INFO: ✅ Database connected successfully
[2025-04-28 23:47:55] INFO: ✅ Server running on port 3001
[2025-04-28 23:47:59] INFO: ✅ Database connected successfully
[2025-04-28 23:47:59] INFO: ✅ Server running on port 3001
[2025-04-28 23:48:34] INFO: ✅ Database connected successfully
[2025-04-28 23:48:35] INFO: ✅ Server running on port 3001
[2025-04-28 23:48:43] INFO: [Request] OPTIONS /api/v1/auth/login 204 - 14ms
[2025-04-28 23:48:44] INFO: [Request] POST /api/v1/auth/login 200 - 1552ms
[2025-04-28 23:53:35] INFO: [Request] OPTIONS /api/v1/auth/login 204 - 1ms
[2025-04-28 23:53:37] INFO: [Request] POST /api/v1/auth/login 200 - 2049ms
[2025-04-28 23:53:37] INFO: [Request] GET /api/v1/auth/user 401 - 79ms
[2025-04-28 23:53:37] INFO: [Request] GET /api/v1/auth/user 401 - 12ms
[2025-04-28 23:53:47] INFO: [Request] OPTIONS /api/v1/auth/login 204 - 3ms
[2025-04-28 23:53:47] INFO: [Request] POST /api/v1/auth/login 400 - 169ms
[2025-04-28 23:54:10] INFO: [Request] OPTIONS /api/v1/auth/login 204 - 1ms
[2025-04-28 23:54:10] INFO: [Request] POST /api/v1/auth/login 400 - 242ms
[2025-04-28 23:54:22] INFO: [Request] OPTIONS /api/v1/auth/login 204 - 1ms
[2025-04-28 23:54:22] INFO: [Request] POST /api/v1/auth/login 429 - 285ms
[2025-04-28 23:54:51] INFO: [Request] OPTIONS /api/v1/auth/login 204 - 3ms
[2025-04-28 23:54:53] INFO: [Request] POST /api/v1/auth/login 200 - 1798ms
[2025-04-28 23:54:53] INFO: [Request] GET /api/v1/auth/user 401 - 76ms
[2025-04-28 23:54:53] INFO: [Request] GET /api/v1/auth/user 401 - 1ms
[2025-04-28 23:55:24] INFO: ✅ Database connected successfully
[2025-04-28 23:55:24] INFO: ✅ Server running on port 3001
[2025-04-28 23:55:33] INFO: ✅ Database connected successfully
[2025-04-28 23:55:33] INFO: ✅ Server running on port 3001
[2025-04-28 23:55:38] INFO: ✅ Database connected successfully
[2025-04-28 23:55:38] INFO: ✅ Server running on port 3001
[2025-04-28 23:55:41] INFO: ✅ Database connected successfully
[2025-04-28 23:55:41] INFO: ✅ Server running on port 3001
[2025-04-28 23:55:49] INFO: ✅ Database connected successfully
[2025-04-28 23:55:51] INFO: ✅ Database connected successfully
[2025-04-28 23:55:51] INFO: ✅ Server running on port 3001
[2025-04-28 23:56:02] INFO: [Request] OPTIONS /api/v1/auth/login 204 - 11ms
[2025-04-28 23:56:03] INFO: [Request] POST /api/v1/auth/login 200 - 1537ms
[2025-04-28 23:56:03] INFO: [Request] GET /api/v1/auth/user 401 - 2ms
[2025-04-28 23:56:04] INFO: [Request] GET /api/v1/auth/user 401 - 7ms
[2025-04-28 23:56:41] INFO: [Request] OPTIONS /api/v1/auth/login 204 - 3ms
[2025-04-28 23:56:41] INFO: [Request] POST /api/v1/auth/login 429 - 387ms
[2025-04-28 23:57:02] INFO: ✅ Database connected successfully
[2025-04-28 23:57:02] INFO: ✅ Server running on port 3001
[2025-04-28 23:57:09] INFO: [Request] OPTIONS /api/v1/auth/login 204 - 14ms
[2025-04-28 23:57:11] INFO: [Request] POST /api/v1/auth/login 200 - 1672ms
[2025-04-28 23:57:11] INFO: [Request] GET /api/v1/auth/user 304 - 161ms
[2025-04-28 23:57:11] INFO: [Request] GET /api/v1/auth/user 304 - 20ms
[2025-04-28 23:57:57] INFO: ✅ Database connected successfully
[2025-04-28 23:57:57] INFO: ✅ Server running on port 3001
[2025-04-28 23:58:01] INFO: ✅ Database connected successfully
[2025-04-28 23:58:01] INFO: ✅ Server running on port 3001
[2025-04-28 23:58:05] INFO: ✅ Database connected successfully
[2025-04-28 23:58:05] INFO: ✅ Server running on port 3001
[2025-04-29 00:01:28] INFO: ✅ Database connected successfully
[2025-04-29 00:01:28] INFO: ✅ Server running on port 3001
[2025-04-29 00:01:31] INFO: ✅ Database connected successfully
[2025-04-29 00:01:31] INFO: ✅ Server running on port 3001
[2025-04-29 00:03:05] INFO: [Request] OPTIONS /api/v1/auth/login 204 - 7ms
[2025-04-29 00:03:06] INFO: [Request] POST /api/v1/auth/login 200 - 1223ms
[2025-04-29 00:03:06] INFO: [Request] GET /api/v1/auth/user 304 - 32ms
[2025-04-29 00:03:06] INFO: [Request] GET /api/v1/auth/user 304 - 53ms
[2025-04-29 00:04:01] INFO: [Request] OPTIONS /api/v1/auth/login 204 - 2ms
[2025-04-29 00:04:01] INFO: [Request] POST /api/v1/auth/login 400 - 272ms
[2025-04-29 00:04:19] INFO: ✅ Database connected successfully
[2025-04-29 00:04:19] INFO: ✅ Server running on port 3001
[2025-04-29 00:04:30] INFO: ✅ Database connected successfully
[2025-04-29 00:04:30] INFO: ✅ Server running on port 3001
[2025-04-29 00:04:32] INFO: [Request] OPTIONS /api/v1/auth/login 204 - 17ms
[2025-04-29 00:04:33] INFO: [Request] POST /api/v1/auth/login 400 - 125ms
[2025-04-29 00:04:58] INFO: [Request] OPTIONS /api/v1/auth/register 204 - 4ms
[2025-04-29 00:05:00] INFO: [Request] POST /api/v1/auth/register 200 - 1131ms
[2025-04-29 00:05:00] INFO: [Request] GET /api/v1/auth/user 200 - 30ms
[2025-04-29 00:05:00] INFO: [Request] GET /api/v1/auth/user 304 - 45ms
[2025-04-29 00:05:28] INFO: [Request] OPTIONS /api/v1/auth/login 204 - 1ms
[2025-04-29 00:05:29] INFO: [Request] POST /api/v1/auth/login 400 - 234ms
[2025-04-29 00:07:03] INFO: [Request] OPTIONS /api/v1/auth/login 204 - 1ms
[2025-04-29 00:07:03] INFO: [Request] POST /api/v1/auth/login 400 - 260ms
[2025-04-29 00:07:40] INFO: [Request] OPTIONS /api/v1/auth/login 204 - 8ms
[2025-04-29 00:07:40] INFO: [Request] POST /api/v1/auth/login 400 - 254ms
[2025-04-29 00:08:14] INFO: [Request] OPTIONS /api/v1/auth/login 204 - 1ms
[2025-04-29 00:08:14] INFO: [Request] POST /api/v1/auth/login 400 - 264ms
[2025-04-29 00:08:36] INFO: [Request] OPTIONS /api/v1/auth/login 204 - 32ms
[2025-04-29 00:08:36] INFO: [Request] POST /api/v1/auth/login 400 - 260ms
[2025-04-29 00:08:36] INFO: [Request] GET /api/v1/auth/user 403 - 2ms
[2025-04-29 00:08:36] INFO: [Request] GET /api/v1/auth/user 403 - 2ms
[2025-04-29 00:08:47] INFO: [Request] OPTIONS /api/v1/auth/login 204 - 3ms
[2025-04-29 00:08:48] INFO: [Request] POST /api/v1/auth/login 400 - 177ms
[2025-04-29 00:08:48] INFO: [Request] GET /api/v1/auth/user 403 - 2ms
[2025-04-29 00:08:48] INFO: [Request] GET /api/v1/auth/user 403 - 2ms
[2025-04-29 01:10:39] INFO: [Request] OPTIONS /api/v1/auth/login 204 - 5ms
[2025-04-29 01:10:39] INFO: [Request] POST /api/v1/auth/login 400 - 265ms
[2025-04-29 01:10:40] INFO: [Request] GET /api/v1/auth/user 401 - 69ms
[2025-04-29 01:10:40] INFO: [Request] GET /api/v1/auth/user 401 - 9ms
[2025-04-29 01:11:00] INFO: [Request] OPTIONS /api/v1/auth/login 204 - 1ms
[2025-04-29 01:11:01] INFO: [Request] POST /api/v1/auth/login 400 - 250ms
[2025-04-29 01:11:01] INFO: [Request] GET /api/v1/auth/user 401 - 2ms
[2025-04-29 01:11:01] INFO: [Request] GET /api/v1/auth/user 401 - 4ms
[2025-04-29 01:16:44] INFO: ✅ Database connected successfully
[2025-04-29 01:16:44] INFO: ✅ Server running on port 3001
[2025-04-29 01:17:45] INFO: ✅ Database connected successfully
[2025-04-29 01:17:46] INFO: ✅ Server running on port 3001
[2025-04-29 01:18:26] INFO: ✅ Database connected successfully
[2025-04-29 01:18:26] INFO: ✅ Server running on port 3001
[2025-04-29 01:18:28] INFO: ✅ Database connected successfully
[2025-04-29 01:18:28] INFO: ✅ Server running on port 3001
[2025-04-29 01:18:39] INFO: ✅ Database connected successfully
[2025-04-29 01:18:39] INFO: ✅ Server running on port 3001
[2025-04-29 01:18:41] INFO: ✅ Database connected successfully
[2025-04-29 01:18:42] INFO: ✅ Server running on port 3001
[2025-04-29 01:19:30] INFO: ✅ Database connected successfully
[2025-04-29 01:19:30] INFO: ✅ Server running on port 3001
[2025-04-29 01:19:33] INFO: ✅ Database connected successfully
[2025-04-29 01:19:33] INFO: ✅ Server running on port 3001
[2025-04-29 01:20:35] INFO: ✅ Database connected successfully
[2025-04-29 01:20:35] INFO: ✅ Server running on port 3001
[2025-04-29 01:22:27] INFO: ✅ Database connected successfully
[2025-04-29 01:22:27] INFO: ✅ Server running on port 3001
[2025-04-29 01:23:02] INFO: ✅ Database connected successfully
[2025-04-29 01:23:02] INFO: ✅ Server running on port 3001
[2025-04-29 01:25:52] INFO: [Request] OPTIONS /api/v1/auth/register 204 - 10ms
[2025-04-29 01:25:52] INFO: [Request] POST /api/v1/auth/register 400 - 210ms
[2025-04-29 01:25:59] INFO: [Request] POST /api/v1/auth/register 500 - 1757ms
[2025-04-29 01:26:28] INFO: ✅ Database connected successfully
[2025-04-29 01:26:28] INFO: ✅ Server running on port 3001
[2025-04-29 01:26:30] INFO: [Request] OPTIONS /api/v1/auth/register 204 - 5ms
[2025-04-29 01:26:30] INFO: [Request] POST /api/v1/auth/register 400 - 31ms
[2025-04-29 01:26:35] INFO: [Request] POST /api/v1/auth/register 200 - 817ms
[2025-04-29 01:26:35] INFO: [Request] GET /api/v1/auth/user 401 - 34ms
[2025-04-29 01:26:35] INFO: [Request] GET /api/v1/auth/user 401 - 12ms
[2025-04-29 01:27:16] INFO: ✅ Database connected successfully
[2025-04-29 01:27:17] INFO: ✅ Server running on port 3001
[2025-04-29 01:27:45] INFO: [Request] OPTIONS /api/v1/auth/register 204 - 8ms
[2025-04-29 01:27:46] INFO: [Request] POST /api/v1/auth/register 200 - 1124ms
[2025-04-29 01:27:46] INFO: [Request] GET /api/v1/auth/user 401 - 42ms
[2025-04-29 01:27:46] INFO: [Request] GET /api/v1/auth/user 401 - 1ms
[2025-04-29 01:28:51] INFO: [Request] OPTIONS /api/v1/auth/register 204 - 2ms
[2025-04-29 01:28:53] INFO: [Request] POST /api/v1/auth/register 200 - 1920ms
[2025-04-29 01:30:25] INFO: ✅ Database connected successfully
[2025-04-29 01:30:25] INFO: ✅ Server running on port 3001
[2025-04-29 01:30:33] INFO: ✅ Database connected successfully
[2025-04-29 01:30:33] INFO: ✅ Server running on port 3001
[2025-04-29 01:30:43] INFO: ✅ Database connected successfully
[2025-04-29 01:30:43] INFO: ✅ Server running on port 3001
[2025-04-29 01:30:46] INFO: ✅ Database connected successfully
[2025-04-29 01:30:46] INFO: ✅ Server running on port 3001
[2025-04-29 01:30:53] INFO: ✅ Database connected successfully
[2025-04-29 01:30:53] INFO: ✅ Server running on port 3001
[2025-04-29 01:31:01] INFO: ✅ Database connected successfully
[2025-04-29 01:31:01] INFO: ✅ Server running on port 3001
[2025-04-29 01:31:03] INFO: ✅ Database connected successfully
[2025-04-29 01:31:03] INFO: ✅ Server running on port 3001
[2025-04-29 01:31:11] INFO: ✅ Database connected successfully
[2025-04-29 01:31:11] INFO: ✅ Server running on port 3001
[2025-04-29 01:31:13] INFO: ✅ Database connected successfully
[2025-04-29 01:31:13] INFO: ✅ Server running on port 3001
[2025-04-29 01:31:18] INFO: ✅ Database connected successfully
[2025-04-29 01:31:18] INFO: ✅ Server running on port 3001
[2025-04-29 01:31:51] INFO: [Request] OPTIONS /api/v1/auth/register 204 - 9ms
[2025-04-29 01:31:51] INFO: [Request] POST /api/v1/auth/register 400 - 203ms
[2025-04-29 01:31:57] INFO: [Request] POST /api/v1/auth/register 200 - 1467ms
[2025-04-29 01:33:08] INFO: [Request] OPTIONS /api/v1/auth/register 204 - 1ms
[2025-04-29 01:33:08] INFO: [Request] POST /api/v1/auth/register 400 - 175ms
[2025-04-29 01:33:14] INFO: [Request] POST /api/v1/auth/register 200 - 1191ms
[2025-04-29 01:34:01] INFO: [Request] OPTIONS /api/v1/auth/register 204 - 3ms
[2025-04-29 01:34:02] INFO: [Request] POST /api/v1/auth/register 200 - 1760ms
[2025-04-29 01:39:04] INFO: ✅ Database connected successfully
[2025-04-29 01:39:04] INFO: ✅ Server running on port 3001
[2025-04-29 01:39:28] INFO: [Request] OPTIONS /api/v1/auth/verify-otp 204 - 25ms
[2025-04-29 01:39:28] INFO: [Request] POST /api/v1/auth/verify-otp 400 - 274ms
[2025-04-29 01:40:35] INFO: [Request] OPTIONS /api/v1/auth/verify-otp 204 - 2ms
[2025-04-29 01:40:35] INFO: [Request] POST /api/v1/auth/verify-otp 400 - 230ms
[2025-04-29 01:40:46] INFO: ✅ Database connected successfully
[2025-04-29 01:40:46] INFO: ✅ Server running on port 3001
[2025-04-29 01:40:50] INFO: [Request] OPTIONS /api/v1/auth/verify-otp 204 - 8ms
[2025-04-29 01:40:50] INFO: [Request] POST /api/v1/auth/verify-otp 400 - 51ms
[2025-04-29 01:41:25] INFO: ✅ Database connected successfully
[2025-04-29 01:41:25] INFO: ✅ Server running on port 3001
[2025-04-29 01:42:10] INFO: ✅ Database connected successfully
[2025-04-29 01:42:10] INFO: ✅ Server running on port 3001
[2025-04-29 01:42:22] INFO: ✅ Database connected successfully
[2025-04-29 01:42:22] INFO: ✅ Server running on port 3001
[2025-04-29 01:43:23] INFO: [Request] OPTIONS /api/v1/auth/register 204 - 4ms
[2025-04-29 01:43:24] INFO: [Request] POST /api/v1/auth/register 200 - 1438ms
[2025-04-29 01:43:36] INFO: [Request] OPTIONS /api/v1/auth/verify-otp 204 - 16ms
[2025-04-29 01:43:36] INFO: [Request] POST /api/v1/auth/verify-otp 200 - 219ms
[2025-04-29 01:44:10] INFO: [Request] OPTIONS /api/v1/auth/login 204 - 3ms
[2025-04-29 01:44:11] INFO: [Request] POST /api/v1/auth/login 429 - 296ms
[2025-04-29 01:44:49] INFO: [Request] OPTIONS /api/v1/auth/login 204 - 1ms
[2025-04-29 01:44:50] INFO: [Request] POST /api/v1/auth/login 200 - 970ms
[2025-04-29 01:46:57] INFO: ✅ Database connected successfully
[2025-04-29 01:46:57] INFO: ✅ Server running on port 3001
[2025-04-29 01:47:12] INFO: ✅ Database connected successfully
[2025-04-29 01:47:13] INFO: ✅ Server running on port 3001
[2025-04-29 01:47:39] INFO: ✅ Database connected successfully
[2025-04-29 01:47:39] INFO: ✅ Server running on port 3001
[2025-04-29 01:47:46] INFO: ✅ Database connected successfully
[2025-04-29 01:47:46] INFO: ✅ Server running on port 3001
[2025-04-29 01:47:55] INFO: ✅ Database connected successfully
[2025-04-29 01:47:55] INFO: ✅ Server running on port 3001
[2025-04-29 01:47:57] INFO: ✅ Database connected successfully
[2025-04-29 01:47:58] INFO: ✅ Server running on port 3001
[2025-04-29 01:48:09] INFO: ✅ Database connected successfully
[2025-04-29 01:48:09] INFO: ✅ Server running on port 3001
[2025-04-29 01:48:15] INFO: ✅ Database connected successfully
[2025-04-29 01:48:15] INFO: ✅ Server running on port 3001
[2025-04-29 01:48:23] INFO: ✅ Database connected successfully
[2025-04-29 01:48:23] INFO: ✅ Server running on port 3001
[2025-04-29 01:48:33] INFO: ✅ Database connected successfully
[2025-04-29 01:48:33] INFO: ✅ Server running on port 3001
[2025-04-29 01:48:36] INFO: ✅ Database connected successfully
[2025-04-29 01:48:36] INFO: ✅ Server running on port 3001
[2025-04-29 01:48:42] INFO: ✅ Database connected successfully
[2025-04-29 01:48:43] INFO: ✅ Server running on port 3001
[2025-04-29 01:49:58] INFO: [Request] OPTIONS /api/v1/auth/register 204 - 8ms
[2025-04-29 01:49:59] INFO: [Request] POST /api/v1/auth/register 200 - 1514ms
[2025-04-29 01:50:41] INFO: [Request] OPTIONS /api/v1/auth/login 204 - 93ms
[2025-04-29 01:50:41] INFO: [Request] POST /api/v1/auth/login 400 - 261ms
[2025-04-29 16:38:59] INFO: ✅ Database connected successfully
[2025-04-29 16:39:00] INFO: ✅ Server running on port 3001
[2025-04-29 16:39:28] INFO: [Request] POST /api/v1/auth/register 500 - 10138ms
[2025-04-29 17:11:30] INFO: [Request] POST /api/v1/auth/register 200 - 8908ms
[2025-04-29 18:16:57] INFO: ✅ Database connected successfully
[2025-04-29 18:16:58] INFO: ✅ Server running on port 3001
[2025-04-29 18:17:03] INFO: [Request] POST /api/v1/auth/register 400 - 346ms
[2025-04-29 18:18:03] INFO: OTP for 809raj@gmail.com: 747794
[2025-04-29 18:18:10] INFO: [Request] POST /api/v1/auth/register 200 - 10593ms
[2025-04-29 18:20:33] INFO: ✅ Database connected successfully
[2025-04-29 18:20:34] INFO: ✅ Server running on port 3001
[2025-04-30 00:45:09] INFO: ✅ Database connected successfully
[2025-04-30 00:45:10] INFO: ✅ Server running on port 3001
[2025-04-30 00:46:38] INFO: OTP for catoj97432@mongrec.com: 535384
[2025-04-30 00:46:45] INFO: [Request] POST /api/v1/auth/register 200 - 9802ms
[2025-04-30 00:46:57] INFO: ✅ Database connected successfully
[2025-04-30 00:46:58] INFO: ✅ Server running on port 3001
[2025-04-30 00:47:17] INFO: ✅ Database connected successfully
[2025-04-30 00:47:18] INFO: ✅ Server running on port 3001
[2025-04-30 00:50:15] INFO: OTP for rasac56124@npo2.com: 466636
[2025-04-30 00:50:15] INFO: [Request] POST /api/v1/auth/register 500 - 2896ms
[2025-04-30 15:57:30] INFO: ✅ Database connected successfully
[2025-04-30 15:57:30] INFO: ✅ Server running on port 3001
[2025-04-30 15:57:50] INFO: [Request] POST /api/v1/auth/register 400 - 2291ms
[2025-04-30 15:59:00] INFO: OTP for tipew85840@javbing.com: 657866
[2025-04-30 15:59:02] INFO: [Request] POST /api/v1/auth/register 500 - 4943ms
[2025-05-01 23:11:39] INFO: ✅ Database connected successfully
[2025-05-01 23:11:40] INFO: ✅ Server running on port 3001
[2025-05-01 23:11:48] INFO: [Request] POST /api/v1/auth/register 400 - 252ms
[2025-05-01 23:12:49] INFO: OTP for wiric63976@javbing.com: 890199
[2025-05-01 23:12:51] INFO: [Request] POST /api/v1/auth/register 500 - 4670ms
[2025-05-02 11:47:06] INFO: ✅ Database connected successfully
[2025-05-02 11:47:09] INFO: ✅ Server running on port 3001
[2025-05-02 11:47:34] INFO: OTP for wiric63976@javbing.com: 919104
[2025-05-02 11:47:36] INFO: OTP message pushed to SQS for: wiric63976@javbing.com, OTP ID: uf0ync4ft
[2025-05-02 11:47:36] INFO: [Request] POST /api/v1/auth/register 200 - 6970ms
[2025-05-02 11:55:13] INFO: [Request] POST /api/v1/auth/register 500 - 2539ms
[2025-05-02 11:55:57] INFO: OTP for bipij58068@javbing.com: 584035
[2025-05-02 11:55:58] INFO: OTP message pushed to SQS for: bipij58068@javbing.com, OTP ID: 4axoj1cjm
[2025-05-02 11:55:58] INFO: [Request] POST /api/v1/auth/register 200 - 3679ms
[2025-05-02 12:02:23] INFO: [Request] POST /api/v1/auth/register 500 - 2511ms
[2025-05-02 12:02:33] INFO: OTP for rivafot436@javbing.com: 951004
[2025-05-02 12:02:34] INFO: OTP message pushed to SQS for: rivafot436@javbing.com, OTP ID: fts4re56w
[2025-05-02 12:02:34] INFO: [Request] POST /api/v1/auth/register 200 - 1799ms
[2025-05-02 12:18:10] INFO: ✅ Database connected successfully
[2025-05-02 12:18:12] INFO: ✅ Server running on port 3001
[2025-05-02 12:18:57] INFO: OTP for penipe8840@nutrv.com: 766538
[2025-05-02 12:18:58] INFO: [Request] POST /api/v1/auth/register 500 - 3673ms
[2025-05-02 12:19:23] INFO: [Request] POST /api/v1/auth/register 400 - 2149ms
[2025-05-02 12:22:01] INFO: ✅ Database connected successfully
[2025-05-02 12:22:03] INFO: ✅ Server running on port 3001
[2025-05-02 12:22:53] INFO: OTP for fihoj44376@javbing.com: 283198
[2025-05-02 12:22:54] INFO: [Request] POST /api/v1/auth/register 500 - 4066ms
[2025-05-02 12:26:06] INFO: ✅ Database connected successfully
[2025-05-02 12:26:08] INFO: ✅ Server running on port 3001
[2025-05-02 12:26:11] INFO: [Request] POST /api/v1/auth/register 400 - 254ms
[2025-05-02 12:26:31] INFO: OTP for fihoj1276@javbing.com: 781783
[2025-05-02 12:26:32] INFO: OTP message pushed to SQS for: fihoj1276@javbing.com, OTP ID: 6c1kzp67j
[2025-05-02 12:26:32] INFO: [Request] POST /api/v1/auth/register 200 - 3694ms
[2025-05-02 12:27:40] INFO: OTP for fihoj128896@javbing.com: 894835
[2025-05-02 12:27:41] INFO: OTP message pushed to SQS for: fihoj128896@javbing.com, OTP ID: 5mbhpu684
[2025-05-02 12:27:41] INFO: [Request] POST /api/v1/auth/register 200 - 3881ms
[2025-05-02 12:29:32] INFO: ✅ Database connected successfully
[2025-05-02 12:29:33] INFO: ✅ Server running on port 3001
[2025-05-02 12:29:43] INFO: ✅ Database connected successfully
[2025-05-02 12:29:45] INFO: ✅ Server running on port 3001
[2025-05-02 12:30:51] INFO: ✅ Database connected successfully
[2025-05-02 12:30:53] INFO: ✅ Server running on port 3001
[2025-05-02 12:30:57] INFO: [Request] POST /api/v1/auth/register 400 - 262ms
[2025-05-02 12:31:20] INFO: OTP for fihoj36@javbing.com: 704223
[2025-05-02 12:31:21] INFO: OTP message pushed to SQS for: fihoj36@javbing.com, OTP ID: zodd57jlj
[2025-05-02 12:31:21] INFO: [Request] POST /api/v1/auth/register 200 - 3807ms
[2025-05-02 12:31:49] INFO: OTP for fihoj46@javbing.com: 836440
[2025-05-02 12:31:49] INFO: OTP message pushed to SQS for: fihoj46@javbing.com, OTP ID: ycxhfaxkm
[2025-05-02 12:31:49] INFO: [Request] POST /api/v1/auth/register 200 - 2845ms
[2025-05-02 19:49:12] INFO: ✅ Database connected successfully
[2025-05-02 19:49:14] INFO: ✅ Server running on port 3001
[2025-05-02 19:50:53] INFO: ✅ Database connected successfully
[2025-05-02 19:50:55] INFO: ✅ Server running on port 3001
[2025-05-02 19:52:41] INFO: OTP for fihoj66@javbing.com: 211983
[2025-05-02 19:52:42] INFO: OTP message pushed to SQS for: fihoj66@javbing.com, OTP ID: 2jybgzqao
[2025-05-02 19:52:42] INFO: [Request] POST /api/v1/auth/register 200 - 3658ms
[2025-05-04 23:11:53] INFO: ✅ Database connected successfully
[2025-05-04 23:11:54] INFO: ✅ Server running on port 3001
[2025-05-05 00:41:16] INFO: [Request] POST /api/v1/auth/register 500 - 2705ms
[2025-05-05 00:53:47] INFO: OTP for desotiv623@javbing.com: 614586
[2025-05-05 00:53:48] INFO: OTP message pushed to SQS for: desotiv623@javbing.com, OTP ID: deup5yeii
[2025-05-05 00:53:48] INFO: [Request] POST /api/v1/auth/register 200 - 3605ms
[2025-05-05 01:55:17] INFO: ✅ Database connected successfully
[2025-05-05 01:55:19] INFO: ✅ Server running on port 3001
[2025-05-05 01:57:11] INFO: ✅ Database connected successfully
[2025-05-05 01:57:13] INFO: ✅ Server running on port 3001
[2025-05-05 01:59:34] INFO: ✅ Database connected successfully
[2025-05-05 01:59:36] INFO: ✅ Server running on port 3001
[2025-05-05 16:28:05] INFO: ✅ Database connected successfully
[2025-05-05 16:28:25] INFO: ✅ Database connected successfully
[2025-05-05 16:28:27] INFO: ✅ Server running on port 3001
[2025-05-05 16:28:47] INFO: [Request] POST /api/v1/auth/register 500 - 2589ms
[2025-05-05 16:28:53] INFO: OTP for 809raj@gmail.com: 175902
[2025-05-05 16:28:54] INFO: OTP message pushed to SQS for: 809raj@gmail.com, OTP ID: ywr0qej4z
[2025-05-05 16:28:54] INFO: [Request] POST /api/v1/auth/register 200 - 2175ms
[2025-05-05 17:15:35] INFO: ✅ Database connected successfully
[2025-05-05 17:15:39] INFO: ✅ Server running on port 3001
[2025-05-05 18:19:07] INFO: OTP for nadinop373@nutrv.com: 653250
[2025-05-05 18:19:08] INFO: OTP message pushed to SQS for: nadinop373@nutrv.com, OTP ID: wavp97pfr
[2025-05-05 18:19:08] INFO: [Request] POST /api/v1/auth/register 200 - 3929ms
[2025-05-05 18:32:10] INFO: ✅ Database connected successfully
[2025-05-05 18:32:15] INFO: ✅ Server running on port 3001
[2025-05-05 18:36:26] INFO: ✅ Database connected successfully
[2025-05-05 18:36:28] INFO: ✅ Server running on port 3001
[2025-05-06 14:10:22] INFO: ✅ Database connected successfully
[2025-05-06 14:10:24] INFO: ✅ Server running on port 3001
[2025-05-06 14:10:43] INFO: [Request] POST /api/v1/auth/register 500 - 2720ms
[2025-05-06 14:12:34] INFO: ✅ Database connected successfully
[2025-05-06 14:12:36] INFO: ✅ Server running on port 3001
[2025-05-06 14:12:39] INFO: OTP for nano1@gmail.com: 548248
[2025-05-06 14:12:40] INFO: OTP message pushed to SQS for: nano1@gmail.com, OTP ID: zi4vb0x
[2025-05-06 14:12:40] INFO: [Request] POST /api/v1/auth/register 200 - 2022ms
[2025-05-06 17:44:14] INFO: OTP for nano2@gmail.com: 558685
[2025-05-06 17:44:15] INFO: OTP message pushed to SQS for: nano2@gmail.com, OTP ID: htgi1du
[2025-05-06 17:44:15] INFO: [Request] POST /api/v1/auth/register 200 - 4059ms
[2025-05-06 17:46:12] INFO: [Request] POST /api/v1/auth/register 500 - 2640ms
[2025-05-06 17:46:20] INFO: [Request] POST /api/v1/auth/register 500 - 688ms
[2025-05-06 17:46:41] INFO: OTP for nano5@gmail.com: 338658
[2025-05-06 17:46:42] INFO: OTP message pushed to SQS for: nano5@gmail.com, OTP ID: mfh75v2
[2025-05-06 17:46:42] INFO: [Request] POST /api/v1/auth/register 200 - 3756ms
[2025-05-06 17:47:44] INFO: OTP for nano8@gmail.com: 171585
[2025-05-06 17:47:44] INFO: OTP message pushed to SQS for: nano8@gmail.com, OTP ID: 0bwlicz
[2025-05-06 17:47:44] INFO: [Request] POST /api/v1/auth/register 200 - 3015ms
[2025-05-06 20:04:42] INFO: ✅ Database connected successfully
[2025-05-06 20:04:45] INFO: ✅ Server running on port 3001
